This is LuaTeX, Version 0.95.0 (TeX Live 2016)  (format=lualatex 2017.4.29)  26 NOV 2018 18:08
 restricted system commands enabled.
**template.tex
(./template.tex
LaTeX2e <2017/01/01> patch level 3
Lua module: luaotfload-main 2017/01/29 2.80001 OpenType layout system.
Lua module: lualibs 2017-02-01 2.5 ConTeXt Lua standard libraries.
Lua module: lualibs-extended 2017-02-01 2.5 ConTeXt Lua libraries -- extended co
llection.(using cache: /home/jean/.local/texlive/2016/texmf-var/luatex-cache/gen
eric)
luaotfload | conf : Root cache directory is /home/jean/.local/texlive/2016/texmf
-var/luatex-cache/generic/names.
luaotfload | init : Loading fontloader “fontloader-2017-02-11.lua” from kpse
-resolved path “/home/jean/.local/texlive/2016/texmf-dist/tex/luatex/luaotfloa
d/fontloader-2017-02-11.lua”.
Lua-only attribute luaotfload@state = 1
Lua-only attribute luaotfload@noligature = 2
Lua-only attribute luaotfload@syllabe = 3
luaotfload | init : Context OpenType loader version “3.027”
Inserting `luaotfload.node_processor' at position 1 in `pre_linebreak_filter'.
Inserting `luaotfload.node_processor' at position 1 in `hpack_filter'.
Inserting `luaotfload.define_font' at position 1 in `define_font'.
Lua-only attribute luaotfload_color_attribute = 4
luaotfload | conf : Root cache directory is /home/jean/.local/texlive/2016/texmf
-var/luatex-cache/generic/names.
Inserting `luaotfload.aux.set_sscale_dimens' at position 1 in `luaotfload.patch_
font'.
Inserting `luaotfload.aux.patch_cambria_domh' at position 2 in `luaotfload.patch
_font'.
Inserting `luaotfload.aux.fixup_fontdata' at position 1 in `luaotfload.patch_fon
t_unsafe'.
Inserting `luaotfload.aux.set_capheight' at position 3 in `luaotfload.patch_font
'.
Inserting `luaotfload.rewrite_fontname' at position 4 in `luaotfload.patch_font'
.
luaotfload | main : initialization completed in 0.168 seconds
Babel <3.9r> and hyphenation patterns for 1 language(s) loaded.
(/home/jean/.local/texlive/2016/texmf-dist/tex/latex/beamer/beamer.cls
Document Class: beamer 2017/01/23 v3.41 A class for typesetting presentations
(/home/jean/.local/texlive/2016/texmf-dist/tex/latex/etoolbox/etoolbox.sty
Package: etoolbox 2017/01/02 v2.4 e-TeX tools for LaTeX (JAW)
\etb@tempcnta=\count79
)
(/home/jean/.local/texlive/2016/texmf-dist/tex/latex/beamer/beamerbasemodes.sty
\beamer@tempbox=\box26
\beamer@tempcount=\count80
\c@beamerpauses=\count81

(/home/jean/.local/texlive/2016/texmf-dist/tex/latex/beamer/beamerbasedecode.st
y
\beamer@slideinframe=\count82
\beamer@minimum=\count83
)
\beamer@commentbox=\box27
\beamer@modecount=\count84
) (/home/jean/.local/texlive/2016/texmf-dist/tex/generic/oberdiek/ifpdf.sty
Package: ifpdf 2017/03/15 v3.2 Provides the ifpdf switch
)
\headheight=\dimen102
\headdp=\dimen103
\footheight=\dimen104
\sidebarheight=\dimen105
\beamer@tempdim=\dimen106
\beamer@finalheight=\dimen107
\beamer@animht=\dimen108
\beamer@animdp=\dimen109
\beamer@animwd=\dimen110
\beamer@leftmargin=\dimen111
\beamer@rightmargin=\dimen112
\beamer@leftsidebar=\dimen113
\beamer@rightsidebar=\dimen114
\beamer@boxsize=\dimen115
\beamer@vboxoffset=\dimen116
\beamer@descdefault=\dimen117
\beamer@descriptionwidth=\dimen118
\beamer@lastskip=\skip41
\beamer@areabox=\box28
\beamer@animcurrent=\box29
\beamer@animshowbox=\box30
\beamer@sectionbox=\box31
\beamer@logobox=\box32
\beamer@linebox=\box33
\beamer@sectioncount=\count85
\beamer@subsubsectionmax=\count86
\beamer@subsectionmax=\count87
\beamer@sectionmax=\count88
\beamer@totalheads=\count89
\beamer@headcounter=\count90
\beamer@partstartpage=\count91
\beamer@sectionstartpage=\count92
\beamer@subsectionstartpage=\count93
\beamer@animationtempa=\count94
\beamer@animationtempb=\count95
\beamer@xpos=\count96
\beamer@ypos=\count97
\beamer@showpartnumber=\count98
\beamer@currentsubsection=\count99
\beamer@coveringdepth=\count100
\beamer@sectionadjust=\count101
\beamer@tocsectionnumber=\count102

(/home/jean/.local/texlive/2016/texmf-dist/tex/latex/beamer/beamerbaseoptions.s
ty (/home/jean/.local/texlive/2016/texmf-dist/tex/latex/graphics/keyval.sty
Package: keyval 2014/10/28 v1.15 key=value parser (DPC)
\KV@toks@=\toks14
))
\beamer@paperwidth=\skip42
\beamer@paperheight=\skip43

(/home/jean/.local/texlive/2016/texmf-dist/tex/latex/geometry/geometry.sty
Package: geometry 2010/09/12 v5.6 Page Geometry

(/home/jean/.local/texlive/2016/texmf-dist/tex/generic/oberdiek/ifvtex.sty
Package: ifvtex 2016/05/16 v1.6 Detect VTeX and its facilities (HO)
Package ifvtex Info: VTeX not detected.
)
(/home/jean/.local/texlive/2016/texmf-dist/tex/generic/ifxetex/ifxetex.sty
Package: ifxetex 2010/09/12 v0.6 Provides ifxetex conditional
)
\Gm@cnth=\count103
\Gm@cntv=\count104
\c@Gm@tempcnt=\count105
\Gm@bindingoffset=\dimen119
\Gm@wd@mp=\dimen120
\Gm@odd@mp=\dimen121
\Gm@even@mp=\dimen122
\Gm@layoutwidth=\dimen123
\Gm@layoutheight=\dimen124
\Gm@layouthoffset=\dimen125
\Gm@layoutvoffset=\dimen126
\Gm@dimlist=\toks15
)
(/home/jean/.local/texlive/2016/texmf-dist/tex/latex/base/size10.clo
File: size10.clo 2014/09/29 v1.4h Standard LaTeX file (size option)
luaotfload | db : Font names database loaded from /home/jean/.local/texlive/2016
/texmf-var/luatex-cache/generic/names/luaotfload-names.luc(load luc: /home/jean/
.local/texlive/2016/texmf-var/luatex-cache/generic/fonts/otl/lmroman10-regular.l
uc))
(/home/jean/.local/texlive/2016/texmf-dist/tex/latex/pgf/basiclayer/pgfcore.sty
(/home/jean/.local/texlive/2016/texmf-dist/tex/latex/graphics/graphicx.sty
Package: graphicx 2014/10/28 v1.0g Enhanced LaTeX Graphics (DPC,SPQR)

(/home/jean/.local/texlive/2016/texmf-dist/tex/latex/graphics/graphics.sty
Package: graphics 2016/10/09 v1.0u Standard LaTeX Graphics (DPC,SPQR)

(/home/jean/.local/texlive/2016/texmf-dist/tex/latex/graphics/trig.sty
Package: trig 2016/01/03 v1.10 sin cos tan (DPC)
)
(/home/jean/.local/texlive/2016/texmf-dist/tex/latex/graphics-cfg/graphics.cfg
File: graphics.cfg 2016/06/04 v1.11 sample graphics configuration
)
Package graphics Info: Driver file: luatex.def on input line 99.
(/home/jean/.local/texlive/2016/texmf-dist/tex/latex/graphics-def/luatex.def
File: luatex.def 2017/01/12 v0.01h Graphics/Color for luaTeX

(/home/jean/.local/texlive/2016/texmf-dist/tex/generic/oberdiek/infwarerr.sty
Package: infwarerr 2016/05/16 v1.4 Providing info/warning/error messages (HO)
)
(/home/jean/.local/texlive/2016/texmf-dist/tex/generic/oberdiek/ltxcmds.sty
Package: ltxcmds 2016/05/16 v1.23 LaTeX kernel commands for general use (HO)
)
\Gread@gobject=\count106
))
\Gin@req@height=\dimen127
\Gin@req@width=\dimen128
)
(/home/jean/.local/texlive/2016/texmf-dist/tex/latex/pgf/systemlayer/pgfsys.sty
(/home/jean/.local/texlive/2016/texmf-dist/tex/latex/pgf/utilities/pgfrcs.sty
(/home/jean/.local/texlive/2016/texmf-dist/tex/generic/pgf/utilities/pgfutil-co
mmon.tex
\pgfutil@everybye=\toks16
\pgfutil@tempdima=\dimen129
\pgfutil@tempdimb=\dimen130

(/home/jean/.local/texlive/2016/texmf-dist/tex/generic/pgf/utilities/pgfutil-co
mmon-lists.tex))
(/home/jean/.local/texlive/2016/texmf-dist/tex/generic/pgf/utilities/pgfutil-la
tex.def
\pgfutil@abb=\box34
 (/home/jean/.local/texlive/2016/texmf-dist/tex/latex/ms/everyshi.sty
Package: everyshi 2001/05/15 v3.00 EveryShipout Package (MS)
))
(/home/jean/.local/texlive/2016/texmf-dist/tex/generic/pgf/utilities/pgfrcs.cod
e.tex
Package: pgfrcs 2015/08/07 v3.0.1a (rcs-revision 1.31)
))
(/home/jean/.local/texlive/2016/texmf-dist/tex/generic/pgf/systemlayer/pgfsys.c
ode.tex
Package: pgfsys 2014/07/09 v3.0.1a (rcs-revision 1.48)

(/home/jean/.local/texlive/2016/texmf-dist/tex/generic/pgf/utilities/pgfkeys.co
de.tex
\pgfkeys@pathtoks=\toks17
\pgfkeys@temptoks=\toks18

(/home/jean/.local/texlive/2016/texmf-dist/tex/generic/pgf/utilities/pgfkeysfil
tered.code.tex
\pgfkeys@tmptoks=\toks19
))
\pgf@x=\dimen131
\pgf@y=\dimen132
\pgf@xa=\dimen133
\pgf@ya=\dimen134
\pgf@xb=\dimen135
\pgf@yb=\dimen136
\pgf@xc=\dimen137
\pgf@yc=\dimen138
\w@pgf@writea=\write3
\r@pgf@reada=\read1
\c@pgf@counta=\count107
\c@pgf@countb=\count108
\c@pgf@countc=\count109
\c@pgf@countd=\count110
\t@pgf@toka=\toks20
\t@pgf@tokb=\toks21
\t@pgf@tokc=\toks22

(/home/jean/.local/texlive/2016/texmf-dist/tex/generic/pgf/systemlayer/pgf.cfg
File: pgf.cfg 2008/05/14  (rcs-revision 1.7)
)
Driver file for pgf: pgfsys-luatex.def

(/home/jean/.local/texlive/2016/texmf-dist/tex/generic/pgf/systemlayer/pgfsys-l
uatex.def
File: pgfsys-luatex.def 2014/10/11  (rcs-revision 1.35)

(/home/jean/.local/texlive/2016/texmf-dist/tex/generic/pgf/systemlayer/pgfsys-c
ommon-pdf.def
File: pgfsys-common-pdf.def 2013/10/10  (rcs-revision 1.13)
)))
(/home/jean/.local/texlive/2016/texmf-dist/tex/generic/pgf/systemlayer/pgfsysso
ftpath.code.tex
File: pgfsyssoftpath.code.tex 2013/09/09  (rcs-revision 1.9)
\pgfsyssoftpath@smallbuffer@items=\count111
\pgfsyssoftpath@bigbuffer@items=\count112
)
(/home/jean/.local/texlive/2016/texmf-dist/tex/generic/pgf/systemlayer/pgfsyspr
otocol.code.tex
File: pgfsysprotocol.code.tex 2006/10/16  (rcs-revision 1.4)
))
(/home/jean/.local/texlive/2016/texmf-dist/tex/latex/xcolor/xcolor.sty
Package: xcolor 2016/05/11 v2.12 LaTeX color extensions (UK)

(/home/jean/.local/texlive/2016/texmf-dist/tex/latex/graphics-cfg/color.cfg
File: color.cfg 2016/01/02 v1.6 sample color configuration
)
Package xcolor Info: Driver file: luatex.def on input line 225.
Package xcolor Info: Model `cmy' substituted by `cmy0' on input line 1348.
Package xcolor Info: Model `hsb' substituted by `rgb' on input line 1352.
Package xcolor Info: Model `RGB' extended on input line 1364.
Package xcolor Info: Model `HTML' substituted by `rgb' on input line 1366.
Package xcolor Info: Model `Hsb' substituted by `hsb' on input line 1367.
Package xcolor Info: Model `tHsb' substituted by `hsb' on input line 1368.
Package xcolor Info: Model `HSB' substituted by `hsb' on input line 1369.
Package xcolor Info: Model `Gray' substituted by `gray' on input line 1370.
Package xcolor Info: Model `wave' substituted by `hsb' on input line 1371.
)
(/home/jean/.local/texlive/2016/texmf-dist/tex/generic/pgf/basiclayer/pgfcore.c
ode.tex
Package: pgfcore 2010/04/11 v3.0.1a (rcs-revision 1.7)

(/home/jean/.local/texlive/2016/texmf-dist/tex/generic/pgf/math/pgfmath.code.te
x
(/home/jean/.local/texlive/2016/texmf-dist/tex/generic/pgf/math/pgfmathcalc.cod
e.tex
(/home/jean/.local/texlive/2016/texmf-dist/tex/generic/pgf/math/pgfmathutil.cod
e.tex)
(/home/jean/.local/texlive/2016/texmf-dist/tex/generic/pgf/math/pgfmathparser.c
ode.tex
\pgfmath@dimen=\dimen139
\pgfmath@count=\count113
\pgfmath@box=\box35
\pgfmath@toks=\toks23
\pgfmath@stack@operand=\toks24
\pgfmath@stack@operation=\toks25
)
(/home/jean/.local/texlive/2016/texmf-dist/tex/generic/pgf/math/pgfmathfunction
s.code.tex
(/home/jean/.local/texlive/2016/texmf-dist/tex/generic/pgf/math/pgfmathfunction
s.basic.code.tex)
(/home/jean/.local/texlive/2016/texmf-dist/tex/generic/pgf/math/pgfmathfunction
s.trigonometric.code.tex)
(/home/jean/.local/texlive/2016/texmf-dist/tex/generic/pgf/math/pgfmathfunction
s.random.code.tex)
(/home/jean/.local/texlive/2016/texmf-dist/tex/generic/pgf/math/pgfmathfunction
s.comparison.code.tex)
(/home/jean/.local/texlive/2016/texmf-dist/tex/generic/pgf/math/pgfmathfunction
s.base.code.tex)
(/home/jean/.local/texlive/2016/texmf-dist/tex/generic/pgf/math/pgfmathfunction
s.round.code.tex)
(/home/jean/.local/texlive/2016/texmf-dist/tex/generic/pgf/math/pgfmathfunction
s.misc.code.tex)
(/home/jean/.local/texlive/2016/texmf-dist/tex/generic/pgf/math/pgfmathfunction
s.integerarithmetics.code.tex)))
(/home/jean/.local/texlive/2016/texmf-dist/tex/generic/pgf/math/pgfmathfloat.co
de.tex
\c@pgfmathroundto@lastzeros=\count114
))
(/home/jean/.local/texlive/2016/texmf-dist/tex/generic/pgf/basiclayer/pgfcorepo
ints.code.tex
File: pgfcorepoints.code.tex 2013/10/07  (rcs-revision 1.27)
\pgf@picminx=\dimen140
\pgf@picmaxx=\dimen141
\pgf@picminy=\dimen142
\pgf@picmaxy=\dimen143
\pgf@pathminx=\dimen144
\pgf@pathmaxx=\dimen145
\pgf@pathminy=\dimen146
\pgf@pathmaxy=\dimen147
\pgf@xx=\dimen148
\pgf@xy=\dimen149
\pgf@yx=\dimen150
\pgf@yy=\dimen151
\pgf@zx=\dimen152
\pgf@zy=\dimen153
)
(/home/jean/.local/texlive/2016/texmf-dist/tex/generic/pgf/basiclayer/pgfcorepa
thconstruct.code.tex
File: pgfcorepathconstruct.code.tex 2013/10/07  (rcs-revision 1.29)
\pgf@path@lastx=\dimen154
\pgf@path@lasty=\dimen155
)
(/home/jean/.local/texlive/2016/texmf-dist/tex/generic/pgf/basiclayer/pgfcorepa
thusage.code.tex
File: pgfcorepathusage.code.tex 2014/11/02  (rcs-revision 1.24)
\pgf@shorten@end@additional=\dimen156
\pgf@shorten@start@additional=\dimen157
)
(/home/jean/.local/texlive/2016/texmf-dist/tex/generic/pgf/basiclayer/pgfcoresc
opes.code.tex
File: pgfcorescopes.code.tex 2015/05/08  (rcs-revision 1.46)
\pgfpic=\box36
\pgf@hbox=\box37
\pgf@layerbox@main=\box38
\pgf@picture@serial@count=\count115
)
(/home/jean/.local/texlive/2016/texmf-dist/tex/generic/pgf/basiclayer/pgfcoregr
aphicstate.code.tex
File: pgfcoregraphicstate.code.tex 2014/11/02  (rcs-revision 1.12)
\pgflinewidth=\dimen158
)
(/home/jean/.local/texlive/2016/texmf-dist/tex/generic/pgf/basiclayer/pgfcoretr
ansformations.code.tex
File: pgfcoretransformations.code.tex 2015/08/07  (rcs-revision 1.20)
\pgf@pt@x=\dimen159
\pgf@pt@y=\dimen160
\pgf@pt@temp=\dimen161
)
(/home/jean/.local/texlive/2016/texmf-dist/tex/generic/pgf/basiclayer/pgfcorequ
ick.code.tex
File: pgfcorequick.code.tex 2008/10/09  (rcs-revision 1.3)
)
(/home/jean/.local/texlive/2016/texmf-dist/tex/generic/pgf/basiclayer/pgfcoreob
jects.code.tex
File: pgfcoreobjects.code.tex 2006/10/11  (rcs-revision 1.2)
)
(/home/jean/.local/texlive/2016/texmf-dist/tex/generic/pgf/basiclayer/pgfcorepa
thprocessing.code.tex
File: pgfcorepathprocessing.code.tex 2013/09/09  (rcs-revision 1.9)
)
(/home/jean/.local/texlive/2016/texmf-dist/tex/generic/pgf/basiclayer/pgfcorear
rows.code.tex
File: pgfcorearrows.code.tex 2015/05/14  (rcs-revision 1.43)
\pgfarrowsep=\dimen162
)
(/home/jean/.local/texlive/2016/texmf-dist/tex/generic/pgf/basiclayer/pgfcoresh
ade.code.tex
File: pgfcoreshade.code.tex 2013/07/15  (rcs-revision 1.15)
\pgf@max=\dimen163
\pgf@sys@shading@range@num=\count116
)
(/home/jean/.local/texlive/2016/texmf-dist/tex/generic/pgf/basiclayer/pgfcoreim
age.code.tex
File: pgfcoreimage.code.tex 2013/07/15  (rcs-revision 1.18)

(/home/jean/.local/texlive/2016/texmf-dist/tex/generic/pgf/basiclayer/pgfcoreex
ternal.code.tex
File: pgfcoreexternal.code.tex 2014/07/09  (rcs-revision 1.21)
\pgfexternal@startupbox=\box39
))
(/home/jean/.local/texlive/2016/texmf-dist/tex/generic/pgf/basiclayer/pgfcorela
yers.code.tex
File: pgfcorelayers.code.tex 2013/07/18  (rcs-revision 1.7)
)
(/home/jean/.local/texlive/2016/texmf-dist/tex/generic/pgf/basiclayer/pgfcoretr
ansparency.code.tex
File: pgfcoretransparency.code.tex 2013/09/30  (rcs-revision 1.5)
)
(/home/jean/.local/texlive/2016/texmf-dist/tex/generic/pgf/basiclayer/pgfcorepa
tterns.code.tex
File: pgfcorepatterns.code.tex 2013/11/07  (rcs-revision 1.5)
)))
(/home/jean/.local/texlive/2016/texmf-dist/tex/latex/pgf/utilities/xxcolor.sty
Package: xxcolor 2003/10/24 ver 0.1
\XC@nummixins=\count117
\XC@countmixins=\count118
) (/home/jean/.local/texlive/2016/texmf-dist/tex/generic/oberdiek/atbegshi.sty
Package: atbegshi 2016/06/09 v1.18 At begin shipout hook (HO)
)
(/home/jean/.local/texlive/2016/texmf-dist/tex/latex/hyperref/hyperref.sty
Package: hyperref 2017/03/14 v6.85a Hypertext links for LaTeX

(/home/jean/.local/texlive/2016/texmf-dist/tex/generic/oberdiek/hobsub-hyperref
.sty
Package: hobsub-hyperref 2016/05/16 v1.14 Bundle oberdiek, subset hyperref (HO)

(/home/jean/.local/texlive/2016/texmf-dist/tex/generic/oberdiek/hobsub-generic.
sty
Package: hobsub-generic 2016/05/16 v1.14 Bundle oberdiek, subset generic (HO)
Package: hobsub 2016/05/16 v1.14 Construct package bundles (HO)
Package hobsub Info: Skipping package `infwarerr' (already loaded).
Package hobsub Info: Skipping package `ltxcmds' (already loaded).
Package: ifluatex 2016/05/16 v1.4 Provides the ifluatex switch (HO)
Package ifluatex Info: LuaTeX detected.
Package hobsub Info: Skipping package `ifvtex' (already loaded).
Package: intcalc 2016/05/16 v1.2 Expandable calculations with integers (HO)
Package hobsub Info: Skipping package `ifpdf' (already loaded).
Package: etexcmds 2016/05/16 v1.6 Avoid name clashes with e-TeX commands (HO)
Package: kvsetkeys 2016/05/16 v1.17 Key value parser (HO)
Package: kvdefinekeys 2016/05/16 v1.4 Define keys (HO)
Package: luatex-loader 2016/05/16 v0.6 Lua module loader (HO)

(/home/jean/.local/texlive/2016/texmf-dist/scripts/oberdiek/oberdiek.luatex.lua)
Package: pdftexcmds 2017/03/19 v0.25 Utility functions of pdfTeX for LuaTeX (HO)

Package pdftexcmds Info: \pdf@primitive is available.
Package pdftexcmds Info: \pdf@ifprimitive is available.
Package pdftexcmds Info: \pdfdraftmode found.
\pdftexcmds@toks=\toks26
Package: pdfescape 2016/05/16 v1.14 Implements pdfTeX's escape features (HO)
Package: bigintcalc 2016/05/16 v1.4 Expandable calculations on big integers (HO)

Package: bitset 2016/05/16 v1.2 Handle bit-vector datatype (HO)
Package: uniquecounter 2016/05/16 v1.3 Provide unlimited unique counter (HO)
)
Package hobsub Info: Skipping package `hobsub' (already loaded).
Package: letltxmacro 2016/05/16 v1.5 Let assignment for LaTeX macros (HO)
Package: hopatch 2016/05/16 v1.3 Wrapper for package hooks (HO)
Package: xcolor-patch 2016/05/16 xcolor patch
Package: atveryend 2016/05/16 v1.9 Hooks at the very end of document (HO)
Package hobsub Info: Skipping package `atbegshi' (already loaded).
Package: refcount 2016/05/16 v3.5 Data extraction from label references (HO)
Package: hycolor 2016/05/16 v1.8 Color options for hyperref/bookmark (HO)
) (/home/jean/.local/texlive/2016/texmf-dist/tex/latex/oberdiek/auxhook.sty
Package: auxhook 2016/05/16 v1.4 Hooks for auxiliary files (HO)
)
(/home/jean/.local/texlive/2016/texmf-dist/tex/latex/oberdiek/kvoptions.sty
Package: kvoptions 2016/05/16 v3.12 Key value format for package options (HO)
)
\@linkdim=\dimen164
\Hy@linkcounter=\count119
\Hy@pagecounter=\count120

(/home/jean/.local/texlive/2016/texmf-dist/tex/latex/hyperref/pd1enc.def
File: pd1enc.def 2017/03/14 v6.85a Hyperref: PDFDocEncoding definition (HO)
)
\Hy@SavedSpaceFactor=\count121

(/home/jean/.local/texlive/2016/texmf-dist/tex/latex/latexconfig/hyperref.cfg
File: hyperref.cfg 2002/06/06 v1.2 hyperref configuration of TeXLive
)
Package hyperref Info: Option `bookmarks' set `true' on input line 4374.
Package hyperref Info: Option `bookmarksopen' set `true' on input line 4374.
Package hyperref Info: Option `implicit' set `false' on input line 4374.
Package hyperref Info: Hyper figures OFF on input line 4498.
Package hyperref Info: Link nesting OFF on input line 4503.
Package hyperref Info: Hyper index ON on input line 4506.
Package hyperref Info: Plain pages OFF on input line 4513.
Package hyperref Info: Backreferencing OFF on input line 4518.
Package hyperref Info: Implicit mode OFF; no redefinition of LaTeX internals.
Package hyperref Info: Bookmarks ON on input line 4751.
\c@Hy@tempcnt=\count122

(/home/jean/.local/texlive/2016/texmf-dist/tex/latex/url/url.sty
\Urlmuskip=\muskip10
Package: url 2013/09/16  ver 3.4  Verb mode for urls, etc.
)
LaTeX Info: Redefining \url on input line 5104.
\XeTeXLinkMargin=\dimen165
\Fld@menulength=\count123
\Field@Width=\dimen166
\Fld@charsize=\dimen167
Package hyperref Info: Hyper figures OFF on input line 6358.
Package hyperref Info: Link nesting OFF on input line 6363.
Package hyperref Info: Hyper index ON on input line 6366.
Package hyperref Info: backreferencing OFF on input line 6373.
Package hyperref Info: Link coloring OFF on input line 6378.
Package hyperref Info: Link coloring with OCG OFF on input line 6383.
Package hyperref Info: PDF/A mode OFF on input line 6388.
LaTeX Info: Redefining \ref on input line 6428.
LaTeX Info: Redefining \pageref on input line 6432.
\Hy@abspage=\count124


Package hyperref Message: Stopped early.

)

Package hyperref Message: Driver (autodetected): hluatex.

(/home/jean/.local/texlive/2016/texmf-dist/tex/latex/hyperref/hluatex.def
File: hluatex.def 2017/03/14 v6.85a Hyperref driver for luaTeX
\Fld@listcount=\count125
\c@bookmark@seq@number=\count126

(/home/jean/.local/texlive/2016/texmf-dist/tex/latex/oberdiek/rerunfilecheck.st
y
Package: rerunfilecheck 2016/05/16 v1.8 Rerun checks for auxiliary files (HO)
Package uniquecounter Info: New unique counter `rerunfilecheck' on input line 28
2.
))
(/home/jean/.local/texlive/2016/texmf-dist/tex/latex/beamer/beamerbaserequires.
sty
(/home/jean/.local/texlive/2016/texmf-dist/tex/latex/beamer/beamerbasecompatibi
lity.sty)
(/home/jean/.local/texlive/2016/texmf-dist/tex/latex/beamer/beamerbasefont.sty
(/home/jean/.local/texlive/2016/texmf-dist/tex/latex/amsfonts/amssymb.sty
Package: amssymb 2013/01/14 v3.01 AMS font symbols

(/home/jean/.local/texlive/2016/texmf-dist/tex/latex/amsfonts/amsfonts.sty
Package: amsfonts 2013/01/14 v3.01 Basic AMSFonts support
\@emptytoks=\toks27
\symAMSa=\mathgroup4
\symAMSb=\mathgroup5
LaTeX Font Info:    Overwriting math alphabet `\mathfrak' in version `bold'
(Font)                  U/euf/m/n --> U/euf/b/n on input line 106.
))
(/home/jean/.local/texlive/2016/texmf-dist/tex/latex/sansmathaccent/sansmathacc
ent.sty
Package: sansmathaccent 2013/03/28

(/home/jean/.local/texlive/2016/texmf-dist/tex/latex/filehook/filehook.sty
Package: filehook 2011/10/12 v0.5d Hooks for input files
)))
(/home/jean/.local/texlive/2016/texmf-dist/tex/latex/beamer/beamerbasetranslato
r.sty
(/home/jean/.local/texlive/2016/texmf-dist/tex/latex/beamer/translator/translat
or.sty
Package: translator 2010/06/12 ver 1.10

(/home/jean/.local/texlive/2016/texmf-dist/tex/latex/beamer/translator/translat
or-language-mappings.tex)))
(/home/jean/.local/texlive/2016/texmf-dist/tex/latex/beamer/beamerbasemisc.sty)
(/home/jean/.local/texlive/2016/texmf-dist/tex/latex/beamer/beamerbasetwoscreen
s.sty)
(/home/jean/.local/texlive/2016/texmf-dist/tex/latex/beamer/beamerbaseoverlay.s
ty
\beamer@argscount=\count127
\beamer@lastskipcover=\skip44
\beamer@trivlistdepth=\count128
)
(/home/jean/.local/texlive/2016/texmf-dist/tex/latex/beamer/beamerbasetitle.sty
)
(/home/jean/.local/texlive/2016/texmf-dist/tex/latex/beamer/beamerbasesection.s
ty
\c@lecture=\count129
\c@part=\count130
\c@section=\count131
\c@subsection=\count132
\c@subsubsection=\count133
)
(/home/jean/.local/texlive/2016/texmf-dist/tex/latex/beamer/beamerbaseframe.sty
\beamer@framebox=\box40
\beamer@frametitlebox=\box41
\beamer@zoombox=\box42
\beamer@zoomcount=\count134
\beamer@zoomframecount=\count135
\beamer@frametextheight=\dimen168
\c@subsectionslide=\count136
\beamer@frametopskip=\skip45
\beamer@framebottomskip=\skip46
\beamer@frametopskipautobreak=\skip47
\beamer@framebottomskipautobreak=\skip48
\beamer@envbody=\toks28
\framewidth=\dimen169
\c@framenumber=\count137
)
(/home/jean/.local/texlive/2016/texmf-dist/tex/latex/beamer/beamerbaseverbatim.
sty
\beamer@verbatimfileout=\write4
)
(/home/jean/.local/texlive/2016/texmf-dist/tex/latex/beamer/beamerbaseframesize
.sty
\beamer@splitbox=\box43
\beamer@autobreakcount=\count138
\beamer@autobreaklastheight=\dimen170
\beamer@frametitletoks=\toks29
\beamer@framesubtitletoks=\toks30
)
(/home/jean/.local/texlive/2016/texmf-dist/tex/latex/beamer/beamerbaseframecomp
onents.sty
\beamer@footins=\box44
)
(/home/jean/.local/texlive/2016/texmf-dist/tex/latex/beamer/beamerbasecolor.sty
)
(/home/jean/.local/texlive/2016/texmf-dist/tex/latex/beamer/beamerbasenotes.sty
\beamer@frameboxcopy=\box45
) (/home/jean/.local/texlive/2016/texmf-dist/tex/latex/beamer/beamerbasetoc.sty
)
(/home/jean/.local/texlive/2016/texmf-dist/tex/latex/beamer/beamerbasetemplates
.sty
\beamer@sbttoks=\toks31

(/home/jean/.local/texlive/2016/texmf-dist/tex/latex/beamer/beamerbaseauxtempla
tes.sty
(/home/jean/.local/texlive/2016/texmf-dist/tex/latex/beamer/beamerbaseboxes.sty
\bmb@box=\box46
\bmb@colorbox=\box47
\bmb@boxshadow=\box48
\bmb@boxshadowball=\box49
\bmb@boxshadowballlarge=\box50
\bmb@temp=\dimen171
\bmb@dima=\dimen172
\bmb@dimb=\dimen173
\bmb@prevheight=\dimen174
)
\beamer@blockheadheight=\dimen175
))
(/home/jean/.local/texlive/2016/texmf-dist/tex/latex/beamer/beamerbaselocalstru
cture.sty
(/home/jean/.local/texlive/2016/texmf-dist/tex/latex/tools/enumerate.sty
Package: enumerate 2015/07/23 v3.00 enumerate extensions (DPC)
\@enLab=\toks32
)
\c@figure=\count139
\c@table=\count140
\abovecaptionskip=\skip49
\belowcaptionskip=\skip50
)
(/home/jean/.local/texlive/2016/texmf-dist/tex/latex/beamer/beamerbasenavigatio
n.sty
\beamer@section@min@dim=\dimen176
)
(/home/jean/.local/texlive/2016/texmf-dist/tex/latex/beamer/beamerbasetheorems.
sty (/home/jean/.local/texlive/2016/texmf-dist/tex/latex/amsmath/amsmath.sty
Package: amsmath 2016/11/05 v2.16a AMS math features
\@mathmargin=\skip51

For additional information on amsmath, use the `?' option.
(/home/jean/.local/texlive/2016/texmf-dist/tex/latex/amsmath/amstext.sty
Package: amstext 2000/06/29 v2.01 AMS text

(/home/jean/.local/texlive/2016/texmf-dist/tex/latex/amsmath/amsgen.sty
File: amsgen.sty 1999/11/30 v2.0 generic functions
\@emptytoks=\toks33
\ex@=\dimen177
))
(/home/jean/.local/texlive/2016/texmf-dist/tex/latex/amsmath/amsbsy.sty
Package: amsbsy 1999/11/29 v1.2d Bold Symbols
\pmbraise@=\dimen178
)
(/home/jean/.local/texlive/2016/texmf-dist/tex/latex/amsmath/amsopn.sty
Package: amsopn 2016/03/08 v2.02 operator names
)
\inf@bad=\count141
LaTeX Info: Redefining \frac on input line 213.
\uproot@=\count142
\leftroot@=\count143
LaTeX Info: Redefining \overline on input line 375.
\classnum@=\count144
\DOTSCASE@=\count145
LaTeX Info: Redefining \ldots on input line 472.
LaTeX Info: Redefining \dots on input line 475.
LaTeX Info: Redefining \cdots on input line 596.
\Mathstrutbox@=\box51
\strutbox@=\box52
\big@size=\dimen179
LaTeX Font Info:    Redeclaring font encoding OML on input line 712.
LaTeX Font Info:    Redeclaring font encoding OMS on input line 713.
\macc@depth=\count146
\c@MaxMatrixCols=\count147
\dotsspace@=\muskip11
\c@parentequation=\count148
\dspbrk@lvl=\count149
\tag@help=\toks34
\row@=\count150
\column@=\count151
\maxfields@=\count152
\andhelp@=\toks35
\eqnshift@=\dimen180
\alignsep@=\dimen181
\tagshift@=\dimen182
\tagwidth@=\dimen183
\totwidth@=\dimen184
\lineht@=\dimen185
\@envbody=\toks36
\multlinegap=\skip52
\multlinetaggap=\skip53
\mathdisplay@stack=\toks37
LaTeX Info: Redefining \[ on input line 2817.
LaTeX Info: Redefining \] on input line 2818.
)
(/home/jean/.local/texlive/2016/texmf-dist/tex/latex/amscls/amsthm.sty
Package: amsthm 2015/03/04 v2.20.2
\thm@style=\toks38
\thm@bodyfont=\toks39
\thm@headfont=\toks40
\thm@notefont=\toks41
\thm@headpunct=\toks42
\thm@preskip=\skip54
\thm@postskip=\skip55
\thm@headsep=\skip56
\dth@everypar=\toks43
)
\c@theorem=\count153
)
(/home/jean/.local/texlive/2016/texmf-dist/tex/latex/beamer/beamerbasethemes.st
y))(load luc: /home/jean/.local/texlive/2016/texmf-var/luatex-cache/generic/font
s/otl/lmsans10-regular.luc)
(/home/jean/.local/texlive/2016/texmf-dist/tex/latex/beamer/themes/theme/beamer
themedefault.sty
(/home/jean/.local/texlive/2016/texmf-dist/tex/latex/beamer/themes/font/beamerf
ontthemedefault.sty)
(/home/jean/.local/texlive/2016/texmf-dist/tex/latex/beamer/themes/color/beamer
colorthemedefault.sty)
(/home/jean/.local/texlive/2016/texmf-dist/tex/latex/beamer/themes/inner/beamer
innerthemedefault.sty
\beamer@dima=\dimen186
\beamer@dimb=\dimen187
)
(/home/jean/.local/texlive/2016/texmf-dist/tex/latex/beamer/themes/outer/beamer
outerthemedefault.sty)))
(/home/jean/.local/texlive/2016/texmf-dist/tex/latex/polyglossia/polyglossia.st
y
Package: polyglossia 2015/03/25 v1.42.4 Alternative to Babel for XeLaTeX and Lua
LaTeX
 (/home/jean/.local/texlive/2016/texmf-dist/tex/latex/makecmds/makecmds.sty
Package: makecmds 2009/09/03 v1.0a extra command making commands
)
(/home/jean/.local/texlive/2016/texmf-dist/tex/latex/xkeyval/xkeyval.sty
Package: xkeyval 2014/12/03 v2.7a package option processing (HA)

(/home/jean/.local/texlive/2016/texmf-dist/tex/generic/xkeyval/xkeyval.tex
(/home/jean/.local/texlive/2016/texmf-dist/tex/generic/xkeyval/xkvutils.tex
\XKV@toks=\toks44
\XKV@tempa@toks=\toks45
)
\XKV@depth=\count154
File: xkeyval.tex 2014/12/03 v2.7a key=value parser (HA)
))
(/home/jean/.local/texlive/2016/texmf-dist/tex/latex/fontspec/fontspec.sty
(/home/jean/.local/texlive/2016/texmf-dist/tex/latex/l3kernel/expl3.sty
Package: expl3 2017/04/01 L3 programming layer (loader) 

(/home/jean/.local/texlive/2016/texmf-dist/tex/latex/l3kernel/expl3-code.tex
Package: expl3 2017/04/01 L3 programming layer (code)
\ucharcat@table=\catcodetable5
\c_max_int=\count155
\l_tmpa_int=\count156
\l_tmpb_int=\count157
\g_tmpa_int=\count158
\g_tmpb_int=\count159
\g__prg_map_int=\count160
\c_log_iow=\count161
\l_iow_line_count_int=\count162
\l__iow_line_target_int=\count163
\l__iow_one_indent_int=\count164
\l__iow_indent_int=\count165
\c_zero_dim=\dimen188
\c_max_dim=\dimen189
\l_tmpa_dim=\dimen190
\l_tmpb_dim=\dimen191
\g_tmpa_dim=\dimen192
\g_tmpb_dim=\dimen193
\c_zero_skip=\skip57
\c_max_skip=\skip58
\l_tmpa_skip=\skip59
\l_tmpb_skip=\skip60
\g_tmpa_skip=\skip61
\g_tmpb_skip=\skip62
\c_zero_muskip=\muskip12
\c_max_muskip=\muskip13
\l_tmpa_muskip=\muskip14
\l_tmpb_muskip=\muskip15
\g_tmpa_muskip=\muskip16
\g_tmpb_muskip=\muskip17
\l_keys_choice_int=\count166
\c__fp_leading_shift_int=\count167
\c__fp_middle_shift_int=\count168
\c__fp_trailing_shift_int=\count169
\c__fp_big_leading_shift_int=\count170
\c__fp_big_middle_shift_int=\count171
\c__fp_big_trailing_shift_int=\count172
\c__fp_Bigg_leading_shift_int=\count173
\c__fp_Bigg_middle_shift_int=\count174
\c__fp_Bigg_trailing_shift_int=\count175
\c__fp_rand_size_int=\count176
\c__fp_rand_four_int=\count177
\c__fp_rand_eight_int=\count178
\l__sort_length_int=\count179
\l__sort_min_int=\count180
\l__sort_top_int=\count181
\l__sort_max_int=\count182
\l__sort_true_max_int=\count183
\l__sort_block_int=\count184
\l__sort_begin_int=\count185
\l__sort_end_int=\count186
\l__sort_A_int=\count187
\l__sort_B_int=\count188
\l__sort_C_int=\count189
\c_empty_box=\box53
\l_tmpa_box=\box54
\l_tmpb_box=\box55
\g_tmpa_box=\box56
\g_tmpb_box=\box57
\l__coffin_internal_box=\box58
\l__coffin_internal_dim=\dimen194
\l__coffin_offset_x_dim=\dimen195
\l__coffin_offset_y_dim=\dimen196
\l__coffin_x_dim=\dimen197
\l__coffin_y_dim=\dimen198
\l__coffin_x_prime_dim=\dimen199
\l__coffin_y_prime_dim=\dimen256
\c_empty_coffin=\box59
\l__coffin_aligned_coffin=\box60
\l__coffin_aligned_internal_coffin=\box61
\l_tmpa_coffin=\box62
\l_tmpb_coffin=\box63
\l__coffin_display_coffin=\box64
\l__coffin_display_coord_coffin=\box65
\l__coffin_display_pole_coffin=\box66
\l__coffin_display_offset_dim=\dimen257
\l__coffin_display_x_dim=\dimen258
\l__coffin_display_y_dim=\dimen259
\l__box_top_dim=\dimen260
\l__box_bottom_dim=\dimen261
\l__box_left_dim=\dimen262
\l__box_right_dim=\dimen263
\l__box_top_new_dim=\dimen264
\l__box_bottom_new_dim=\dimen265
\l__box_left_new_dim=\dimen266
\l__box_right_new_dim=\dimen267
\l__box_internal_box=\box67
\l__coffin_bounding_shift_dim=\dimen268
\l__coffin_left_corner_dim=\dimen269
\l__coffin_right_corner_dim=\dimen270
\l__coffin_bottom_corner_dim=\dimen271
\l__coffin_top_corner_dim=\dimen272
\l__coffin_scaled_total_height_dim=\dimen273
\l__coffin_scaled_width_dim=\dimen274
)
(/home/jean/.local/texlive/2016/texmf-dist/tex/latex/l3kernel/l3pdfmode.def
File: l3pdfmode.def 2017/03/18 v L3 Experimental driver: PDF mode
\l__driver_color_stack_int=\count190
\l__driver_tmp_box=\box68
))
(/home/jean/.local/texlive/2016/texmf-dist/tex/latex/l3packages/xparse/xparse.s
ty
Package: xparse 2017/04/01 L3 Experimental document command parser
\l__xparse_current_arg_int=\count191
\g__xparse_grabber_int=\count192
\l__xparse_m_args_int=\count193
\l__xparse_mandatory_args_int=\count194
\l__xparse_v_nesting_int=\count195
)
Package: fontspec 2017/03/31 v2.6a Font selection for XeLaTeX and LuaLaTeX
Lua module: fontspec 2017/03/31 2.6a Font selection for XeLaTeX and LuaLaTeX
(/home/jean/.local/texlive/2016/texmf-dist/tex/latex/fontspec/fontspec-luatex.s
ty
Package: fontspec-luatex 2017/03/31 v2.6a Font selection for XeLaTeX and LuaLaTe
X
\l__fontspec_script_int=\count196
\l__fontspec_language_int=\count197
\l__fontspec_strnum_int=\count198
\l__fontspec_tmp_int=\count199
\l__fontspec_em_int=\count266
\l__fontspec_emdef_int=\count267
\l__fontspec_strong_int=\count268
\l__fontspec_strongdef_int=\count269
\l__fontspec_tmpa_dim=\dimen275
\l__fontspec_tmpb_dim=\dimen276
\l__fontspec_tmpc_dim=\dimen277
\g__file_internal_ior=\read2
 (/home/jean/.local/texlive/2016/texmf-dist/tex/latex/base/fontenc.sty
Package: fontenc 2017/02/22 v2.0g Standard LaTeX package

(/home/jean/.local/texlive/2016/texmf-dist/tex/latex/base/tuenc.def
File: tuenc.def 2017/02/22 v2.0g Standard LaTeX file
LaTeX Font Info:    Redeclaring font encoding TU on input line 82.
))
.................................................
. LaTeX info: "xparse/define-command"
. 
. Defining command \fontspec with sig. 'O{}mO{}' on line 475.
.................................................
.................................................
. LaTeX info: "xparse/define-command"
. 
. Defining command \setmainfont with sig. 'O{}mO{}' on line 486.
.................................................
.................................................
. LaTeX info: "xparse/define-command"
. 
. Defining command \setsansfont with sig. 'O{}mO{}' on line 506.
.................................................
.................................................
. LaTeX info: "xparse/define-command"
. 
. Defining command \setmonofont with sig. 'O{}mO{}' on line 526.
.................................................
.................................................
. LaTeX info: "xparse/define-command"
. 
. Defining command \setromanfont with sig. 'O{}mO{}' on line 546.
.................................................
.................................................
. LaTeX info: "xparse/define-command"
. 
. Defining command \setmathrm with sig. 'O{}mO{}' on line 550.
.................................................
.................................................
. LaTeX info: "xparse/define-command"
. 
. Defining command \setboldmathrm with sig. 'O{}mO{}' on line 558.
.................................................
.................................................
. LaTeX info: "xparse/define-command"
. 
. Defining command \setmathsf with sig. 'O{}mO{}' on line 566.
.................................................
.................................................
. LaTeX info: "xparse/define-command"
. 
. Defining command \setmathtt with sig. 'O{}mO{}' on line 574.
.................................................
.................................................
. LaTeX info: "xparse/define-command"
. 
. Defining command \newfontfamily with sig. 'mO{}mO{}' on line 589.
.................................................
.................................................
. LaTeX info: "xparse/define-command"
. 
. Defining command \newfontface with sig. 'mO{}mO{}' on line 606.
.................................................
.................................................
. LaTeX info: "xparse/define-command"
. 
. Defining command \defaultfontfeatures with sig. 't+om' on line 617.
.................................................
.................................................
. LaTeX info: "xparse/define-command"
. 
. Defining command \addfontfeatures with sig. 'm' on line 648.
.................................................
.................................................
. LaTeX info: "xparse/define-command"
. 
. Defining command \newfontfeature with sig. 'mm' on line 675.
.................................................
.................................................
. LaTeX info: "xparse/define-command"
. 
. Defining command \newAATfeature with sig. 'mmmm' on line 689.
.................................................
.................................................
. LaTeX info: "xparse/define-command"
. 
. Defining command \newopentypefeature with sig. 'mmm' on line 703.
.................................................
.................................................
. LaTeX info: "xparse/define-command"
. 
. Defining command \newICUfeature with sig. 'mmm' on line 723.
.................................................
.................................................
. LaTeX info: "xparse/define-command"
. 
. Defining command \aliasfontfeature with sig. 'mm' on line 727.
.................................................
.................................................
. LaTeX info: "xparse/define-command"
. 
. Defining command \aliasfontfeatureoption with sig. 'mmm' on line 748.
.................................................
.................................................
. LaTeX info: "xparse/define-command"
. 
. Defining command \newfontscript with sig. 'mm' on line 781.
.................................................
.................................................
. LaTeX info: "xparse/define-command"
. 
. Defining command \newfontlanguage with sig. 'mm' on line 785.
.................................................
.................................................
. LaTeX info: "xparse/define-command"
. 
. Defining command \DeclareFontsExtensions with sig. 'm' on line 789.
.................................................
.................................................
. LaTeX info: "xparse/define-command"
. 
. Defining command \IfFontFeatureActiveTF with sig. 'mmm' on line 800.
.................................................
.................................................
. LaTeX info: "xparse/define-command"
. 
. Defining command \EncodingCommand with sig. 'mO{}m' on line 3162.
.................................................
.................................................
. LaTeX info: "xparse/define-command"
. 
. Defining command \EncodingAccent with sig. 'mm' on line 3168.
.................................................
.................................................
. LaTeX info: "xparse/define-command"
. 
. Defining command \EncodingSymbol with sig. 'mm' on line 3174.
.................................................
.................................................
. LaTeX info: "xparse/define-command"
. 
. Defining command \EncodingComposite with sig. 'mmm' on line 3180.
.................................................
.................................................
. LaTeX info: "xparse/define-command"
. 
. Defining command \EncodingCompositeCommand with sig. 'mmm' on line 3186.
.................................................
.................................................
. LaTeX info: "xparse/define-command"
. 
. Defining command \DeclareUnicodeEncoding with sig. 'mm' on line 3211.
.................................................
.................................................
. LaTeX info: "xparse/define-command"
. 
. Defining command \UndeclareSymbol with sig. 'm' on line 3217.
.................................................
.................................................
. LaTeX info: "xparse/define-command"
. 
. Defining command \UndeclareComposite with sig. 'mm' on line 3225.
.................................................

(/home/jean/.local/texlive/2016/texmf-dist/tex/latex/fontspec/fontspec.cfg)
LaTeX Info: Redefining \itshape on input line 3410.
LaTeX Info: Redefining \slshape on input line 3415.
LaTeX Info: Redefining \scshape on input line 3420.
LaTeX Info: Redefining \upshape on input line 3425.
LaTeX Info: Redefining \em on input line 3455.
LaTeX Info: Redefining \emph on input line 3480.
(load luc: /home/jean/.local/texlive/2016/texmf-var/luatex-cache/generic/fonts/o
tl/lmsans10-bold.luc)
LaTeX Font Info:    Font shape `TU/lmss/m/it' in size <10> not available
(Font)              Font shape `TU/lmss/m/sl' tried instead on input line 3530.
(load luc: /home/jean/.local/texlive/2016/texmf-var/luatex-cache/generic/fonts/o
tl/lmsans10-oblique.luc)
LaTeX Info: Redefining \- on input line 3531.
.................................................
. LaTeX info: "xparse/redefine-command"
. 
. Redefining command \oldstylenums with sig. 'm' on line 3626.
.................................................
.................................................
. LaTeX info: "xparse/define-command"
. 
. Defining command \liningnums with sig. 'm' on line 3630.
.................................................
))
(/home/jean/.local/texlive/2016/texmf-dist/tex/luatex/luatexbase/luatexbase.sty
Package: luatexbase 2015/10/04 v1.3 luatexbase interface to LuaTeX 

(/home/jean/.local/texlive/2016/texmf-dist/tex/luatex/ctablestack/ctablestack.s
ty
Package: ctablestack 2015/10/01 v1.0 Catcode table stable support
\@catcodetablestackcnt=\count270
)
\CatcodeTableOther=\catcodetable6
\CatcodeTableExpl=\catcodetable7
)
luatex-hyphen: using data file: /home/jean/.local/texlive/2016/texmf-var/tex/gen
eric/config/language.dat.lua
Lua module: polyglossia 2013/05/11 1.3 Polyglossia)
(/home/jean/.local/texlive/2016/texmf-dist/tex/latex/polyglossia/gloss-german.l
df
File: gloss-german.ldf polyglossia: module for german

hyph-de-1901.pat.txt
Language german was not yet loaded; created with id 4
Language german already loaded; id is 4
hyph-de-1996.pat.txt
Language ngerman was not yet loaded; created with id 8
Language ngerman already loaded; id is 8
(/home/jean/.local/texlive/2016/texmf-dist/tex/latex/polyglossia/babelsh.def
File: babelsh.def 2013/04/30 Babel common definitions for shorthands
 Taken verbatim from babel.def (2013/04/15 v3.9e)
)
Package polyglossia Info: Making " an active character on input line 79.
)
Package polyglossia Info: Default language is german.

(/home/jean/.local/texlive/2016/texmf-dist/tex/latex/siunitx/siunitx.sty
Package: siunitx 2017/03/23 v2.7f A comprehensive (SI) units package

(/home/jean/.local/texlive/2016/texmf-dist/tex/latex/tools/array.sty
Package: array 2016/10/06 v2.4d Tabular extension package (FMi)
\col@sep=\dimen278
\extrarowheight=\dimen279
\NC@list=\toks46
\extratabsurround=\skip63
\backup@length=\skip64
)
(/home/jean/.local/texlive/2016/texmf-dist/tex/latex/l3packages/l3keys2e/l3keys
2e.sty
Package: l3keys2e 2017/04/01 LaTeX2e option processing using LaTeX3 keys
)
\l__siunitx_tmp_box=\box69
\l__siunitx_tmp_dim=\dimen280
\l__siunitx_tmp_int=\count271
\l__siunitx_number_mantissa_length_int=\count272
\l__siunitx_number_uncert_length_int=\count273
\l__siunitx_round_int=\count274
\l__siunitx_process_decimal_int=\count275
\l__siunitx_process_uncertainty_int=\count276
\l__siunitx_process_fixed_int=\count277
\l__siunitx_process_integer_min_int=\count278
\l__siunitx_process_precision_int=\count279
\l__siunitx_group_min_int=\count280
\l__siunitx_angle_marker_box=\box70
\l__siunitx_angle_unit_box=\box71
\l__siunitx_angle_marker_dim=\dimen281
\l__siunitx_angle_unit_dim=\dimen282
\l__siunitx_unit_int=\count281
\l__siunitx_unit_denominator_int=\count282
\l__siunitx_unit_numerator_int=\count283
\l__siunitx_unit_prefix_int=\count284
\l__siunitx_unit_prefix_base_int=\count285
\l__siunitx_unit_prefix_gram_int=\count286
\l__siunitx_number_product_int=\count287
\c__siunitx_one_fill_skip=\skip65
\l__siunitx_table_unit_align_skip=\skip66
\l__siunitx_table_exponent_dim=\dimen283
\l__siunitx_table_integer_dim=\dimen284
\l__siunitx_table_mantissa_dim=\dimen285
\l__siunitx_table_marker_dim=\dimen286
\l__siunitx_table_result_dim=\dimen287
\l__siunitx_table_uncert_dim=\dimen288
\l__siunitx_table_fill_pre_dim=\dimen289
\l__siunitx_table_fill_post_dim=\dimen290
\l__siunitx_table_fill_mid_dim=\dimen291
\l__siunitx_table_pre_box=\box72
\l__siunitx_table_post_box=\box73
\l__siunitx_table_mantissa_box=\box74
\l__siunitx_table_result_box=\box75
\l__siunitx_table_number_align_skip=\skip67
\l__siunitx_table_text_align_skip=\skip68
.................................................
. LaTeX info: "xparse/define-command"
. 
. Defining command \DeclareBinaryPrefix with sig. 'mmm' on line 7274.
.................................................
.................................................
. LaTeX info: "xparse/define-command"
. 
. Defining command \DeclareSIPostPower with sig. 'mm' on line 7277.
.................................................
.................................................
. LaTeX info: "xparse/define-command"
. 
. Defining command \DeclareSIPrefix with sig. 'mmm' on line 7280.
.................................................
.................................................
. LaTeX info: "xparse/define-command"
. 
. Defining command \DeclareSIPrePower with sig. 'mm' on line 7283.
.................................................
.................................................
. LaTeX info: "xparse/define-command"
. 
. Defining command \DeclareSIQualifier with sig. 'mm' on line 7286.
.................................................
.................................................
. LaTeX info: "xparse/define-command"
. 
. Defining command \DeclareSIUnit with sig. 'O{}mm' on line 7289.
.................................................
.................................................
. LaTeX info: "xparse/define-command"
. 
. Defining command \DeclareSIUnitWithOptions with sig. 'mmm' on line 7292.
.................................................
.................................................
. LaTeX info: "xparse/define-command"
. 
. Defining command \ang with sig. 'o>{\SplitArgument {2}{;}}m' on line 7307.
.................................................
.................................................
. LaTeX info: "xparse/define-command"
. 
. Defining command \num with sig. 'om' on line 7316.
.................................................
.................................................
. LaTeX info: "xparse/define-command"
. 
. Defining command \numlist with sig. 'o>{\SplitList {;}}m' on line 7325.
.................................................
.................................................
. LaTeX info: "xparse/define-command"
. 
. Defining command \numrange with sig. 'omm' on line 7334.
.................................................
.................................................
. LaTeX info: "xparse/define-command"
. 
. Defining command \SIlist with sig. 'o>{\SplitList {;}}mm' on line 7346.
.................................................
.................................................
. LaTeX info: "xparse/define-command"
. 
. Defining command \SIrange with sig. 'ommm' on line 7358.
.................................................
.................................................
. LaTeX info: "xparse/define-command"
. 
. Defining command \SI with sig. 'omom' on line 7370.
.................................................
.................................................
. LaTeX info: "xparse/define-command"
. 
. Defining command \sisetup with sig. 'm' on line 7373.
.................................................
.................................................
. LaTeX info: "xparse/define-command"
. 
. Defining command \tablenum with sig. 'om' on line 7388.
.................................................
.................................................
. LaTeX info: "xparse/define-command"
. 
. Defining command \si with sig. 'om' on line 7400.
.................................................
.................................................
. LaTeX info: "xparse/define-command"
. 
. Defining command \numInBookmark with sig. 'om' on line 7447.
.................................................
.................................................
. LaTeX info: "xparse/define-command"
. 
. Defining command \numrangeInBookmark with sig. 'omm' on line 7449.
.................................................
.................................................
. LaTeX info: "xparse/define-command"
. 
. Defining command \SIInBookmark with sig. 'omom' on line 7451.
.................................................
.................................................
. LaTeX info: "xparse/define-command"
. 
. Defining command \SIlistInBookmark with sig. 'omm' on line 7453.
.................................................
.................................................
. LaTeX info: "xparse/define-command"
. 
. Defining command \SIrangeInBookmark with sig. 'ommm' on line 7455.
.................................................
.................................................
. LaTeX info: "xparse/define-command"
. 
. Defining command \siInBookmark with sig. 'om' on line 7456.
.................................................
) (/home/jean/.local/texlive/2016/texmf-dist/tex/latex/mhchem/mhchem.sty
Package: mhchem 2017/01/16 v4.06 for typesetting chemical formulae

(/home/jean/.local/texlive/2016/texmf-dist/tex/latex/l3experimental/l3str/l3reg
ex.sty
Package: l3regex 2017/04/01 L3 Experimental regular expressions

(/home/jean/.local/texlive/2016/texmf-dist/tex/latex/l3experimental/l3str/l3tl-
build.sty
Package: l3tl-build 2017/04/01 L3 Experimental token list construction
\l__tl_build_start_index_int=\count288
\l__tl_build_index_int=\count289
)
(/home/jean/.local/texlive/2016/texmf-dist/tex/latex/l3experimental/l3str/l3tl-
analysis.sty
Package: l3tl-analysis 2017/04/01 L3 Experimental token list analysis
\l__tl_analysis_normal_int=\count290
\l__tl_analysis_index_int=\count291
\l__tl_analysis_nesting_int=\count292
\l__tl_analysis_type_int=\count293
)
(/home/jean/.local/texlive/2016/texmf-dist/tex/latex/l3experimental/l3str/l3str
-convert.sty
Package: l3str-convert 2017/04/01 L3 Experimental string encoding conversions
\l__str_internal_int=\count294
)
\l__regex_internal_a_int=\count295
\l__regex_internal_b_int=\count296
\l__regex_internal_c_int=\count297
\l__regex_balance_int=\count298
\l__regex_group_level_int=\count299
\l__regex_mode_int=\count300
\c__regex_cs_in_class_mode_int=\count301
\c__regex_cs_mode_int=\count302
\l__regex_catcodes_int=\count303
\l__regex_default_catcodes_int=\count304
\c__regex_catcode_L_int=\count305
\c__regex_catcode_O_int=\count306
\c__regex_catcode_A_int=\count307
\c__regex_all_catcodes_int=\count308
\l__regex_show_lines_int=\count309
\l__regex_min_state_int=\count310
\l__regex_max_state_int=\count311
\l__regex_left_state_int=\count312
\l__regex_right_state_int=\count313
\l__regex_capturing_group_int=\count314
\l__regex_min_pos_int=\count315
\l__regex_max_pos_int=\count316
\l__regex_current_pos_int=\count317
\l__regex_start_pos_int=\count318
\l__regex_success_pos_int=\count319
\l__regex_current_char_int=\count320
\l__regex_current_catcode_int=\count321
\l__regex_last_char_int=\count322
\l__regex_case_changed_char_int=\count323
\l__regex_current_state_int=\count324
\l__regex_step_int=\count325
\l__regex_min_active_int=\count326
\l__regex_max_active_int=\count327
\l__regex_replacement_csnames_int=\count328
\l__regex_match_count_int=\count329
\l__regex_submatch_int=\count330
\l__regex_zeroth_submatch_int=\count331
)
(/home/jean/.local/texlive/2016/texmf-dist/tex/latex/tools/calc.sty
Package: calc 2014/10/28 v4.3 Infix arithmetic (KKT,FJ)
\calc@Acount=\count332
\calc@Bcount=\count333
\calc@Adimen=\dimen292
\calc@Bdimen=\dimen293
\calc@Askip=\skip69
\calc@Bskip=\skip70
LaTeX Info: Redefining \setlength on input line 80.
LaTeX Info: Redefining \addtolength on input line 81.
\calc@Ccount=\count334
\calc@Cskip=\skip71
)
(/home/jean/.local/texlive/2016/texmf-dist/tex/latex/chemgreek/chemgreek.sty
Package: chemgreek 2016/12/20 v1.1 interfaceforuprightgreeklettersforuseinchemis
try (CN)
\l__chemgreek_tmpa_int=\count335
\g__chemgreek_tmpa_int=\count336
.................................................
. LaTeX info: "xparse/define-command"
. 
. Defining command \newchemgreekmapping with sig. 'O{}mm' on line 336.
.................................................
.................................................
. LaTeX info: "xparse/define-command"
. 
. Defining command \renewchemgreekmapping with sig. 'O{}mm' on line 339.
.................................................
.................................................
. LaTeX info: "xparse/define-command"
. 
. Defining command \declarechemgreekmapping with sig. 'O{}mm' on line 342.
.................................................
.................................................
. LaTeX info: "xparse/define-command"
. 
. Defining command \newchemgreekmappingalias with sig. 'mm' on line 347.
.................................................
.................................................
. LaTeX info: "xparse/define-command"
. 
. Defining command \renewchemgreekmappingalias with sig. 'mm' on line 350.
.................................................
.................................................
. LaTeX info: "xparse/define-command"
. 
. Defining command \declarechemgreekmappingalias with sig. 'mm' on line 353.
.................................................
.................................................
. LaTeX info: "xparse/define-command"
. 
. Defining command \changechemgreeksymbol with sig. 'mmmm' on line 383.
.................................................
.................................................
. LaTeX info: "xparse/define-command"
. 
. Defining command \chemgreekmappingsymbol with sig. 'mm' on line 477.
.................................................
.................................................
. LaTeX info: "xparse/define-command"
. 
. Defining command \activatechemgreekmapping with sig. 'sm' on line 486.
.................................................
.................................................
. LaTeX info: "xparse/define-command"
. 
. Defining command \selectchemgreekmapping with sig. 'm' on line 491.
.................................................
)
\l__mhchem_ce_distanceFromLastComma_int=\count337
\__mhchem_arrow_extPgfLength_skip=\skip72
\mhchem@minispace@tmp=\skip73
\mhchem@minibackspace@tmp=\skip74
\mhchem@bondwidth=\skip75
\mhchem@bondheight=\skip76
\mhchem@smallbondwidth@tmpA=\skip77
\mhchem@smallbondwidth@tmpB=\skip78
\mhchem@smallbondwidth=\skip79
\mhchem@bondtmp@minussidebearingleft=\skip80
\mhchem@bondtmp@minussidebearingright=\skip81
\l__mhchem_option_version_int=\count338
\mhchem@option@minusmathsidebearingleft=\dimen294
\mhchem@option@minusmathsidebearingright=\dimen295
\mhchem@option@minustextsidebearingleft=\dimen296
\mhchem@option@minustextsidebearingright=\dimen297
)
(./beamerthemefocus.sty
Package: beamerthemefocus 2018/07/15 v2.0 Focus Beamer theme

(/home/jean/.local/texlive/2016/texmf-dist/tex/latex/base/fontenc.sty
Package: fontenc 2017/02/22 v2.0g Standard LaTeX package

(/home/jean/.local/texlive/2016/texmf-dist/tex/latex/base/t1enc.def
File: t1enc.def 2017/02/22 v2.0g Standard LaTeX file
LaTeX Font Info:    Redeclaring font encoding T1 on input line 48.
)
LaTeX Font Info:    Try loading font information for T1+lmss on input line 105.

(/home/jean/.local/texlive/2016/texmf-dist/tex/latex/lm/t1lmss.fd
File: t1lmss.fd 2009/10/30 v1.6 Font defs for Latin Modern
))
(/home/jean/.local/texlive/2016/texmf-dist/tex/latex/fira/FiraSans.sty
Package: FiraSans 2016/11/20 (Bob Tennent and autoinst) Style file for Fira Sans
 fonts.

(/home/jean/.local/texlive/2016/texmf-dist/tex/latex/base/textcomp.sty
Package: textcomp 2017/02/22 v2.0g Standard LaTeX package
Package textcomp Info: Sub-encoding information:
(textcomp)               5 = only ISO-Adobe without \textcurrency
(textcomp)               4 = 5 + \texteuro
(textcomp)               3 = 4 + \textohm
(textcomp)               2 = 3 + \textestimated + \textcurrency
(textcomp)               1 = TS1 - \textcircled - \t
(textcomp)               0 = TS1 (full)
(textcomp)             Font families with sub-encoding setting implement
(textcomp)             only a restricted character set as indicated.
(textcomp)             Family '?' is the default used for unknown fonts.
(textcomp)             See the documentation for details.
Package textcomp Info: Setting ? sub-encoding to TS1/1 on input line 79.

(/home/jean/.local/texlive/2016/texmf-dist/tex/latex/base/ts1enc.def
File: ts1enc.def 2001/06/05 v3.0e (jk/car/fm) Standard LaTeX file
)
LaTeX Info: Redefining \oldstylenums on input line 334.
Package textcomp Info: Setting cmr sub-encoding to TS1/0 on input line 349.
Package textcomp Info: Setting cmss sub-encoding to TS1/0 on input line 350.
Package textcomp Info: Setting cmtt sub-encoding to TS1/0 on input line 351.
Package textcomp Info: Setting cmvtt sub-encoding to TS1/0 on input line 352.
Package textcomp Info: Setting cmbr sub-encoding to TS1/0 on input line 353.
Package textcomp Info: Setting cmtl sub-encoding to TS1/0 on input line 354.
Package textcomp Info: Setting ccr sub-encoding to TS1/0 on input line 355.
Package textcomp Info: Setting ptm sub-encoding to TS1/4 on input line 356.
Package textcomp Info: Setting pcr sub-encoding to TS1/4 on input line 357.
Package textcomp Info: Setting phv sub-encoding to TS1/4 on input line 358.
Package textcomp Info: Setting ppl sub-encoding to TS1/3 on input line 359.
Package textcomp Info: Setting pag sub-encoding to TS1/4 on input line 360.
Package textcomp Info: Setting pbk sub-encoding to TS1/4 on input line 361.
Package textcomp Info: Setting pnc sub-encoding to TS1/4 on input line 362.
Package textcomp Info: Setting pzc sub-encoding to TS1/4 on input line 363.
Package textcomp Info: Setting bch sub-encoding to TS1/4 on input line 364.
Package textcomp Info: Setting put sub-encoding to TS1/5 on input line 365.
Package textcomp Info: Setting uag sub-encoding to TS1/5 on input line 366.
Package textcomp Info: Setting ugq sub-encoding to TS1/5 on input line 367.
Package textcomp Info: Setting ul8 sub-encoding to TS1/4 on input line 368.
Package textcomp Info: Setting ul9 sub-encoding to TS1/4 on input line 369.
Package textcomp Info: Setting augie sub-encoding to TS1/5 on input line 370.
Package textcomp Info: Setting dayrom sub-encoding to TS1/3 on input line 371.
Package textcomp Info: Setting dayroms sub-encoding to TS1/3 on input line 372.
Package textcomp Info: Setting pxr sub-encoding to TS1/0 on input line 373.
Package textcomp Info: Setting pxss sub-encoding to TS1/0 on input line 374.
Package textcomp Info: Setting pxtt sub-encoding to TS1/0 on input line 375.
Package textcomp Info: Setting txr sub-encoding to TS1/0 on input line 376.
Package textcomp Info: Setting txss sub-encoding to TS1/0 on input line 377.
Package textcomp Info: Setting txtt sub-encoding to TS1/0 on input line 378.
Package textcomp Info: Setting lmr sub-encoding to TS1/0 on input line 379.
Package textcomp Info: Setting lmdh sub-encoding to TS1/0 on input line 380.
Package textcomp Info: Setting lmss sub-encoding to TS1/0 on input line 381.
Package textcomp Info: Setting lmssq sub-encoding to TS1/0 on input line 382.
Package textcomp Info: Setting lmvtt sub-encoding to TS1/0 on input line 383.
Package textcomp Info: Setting lmtt sub-encoding to TS1/0 on input line 384.
Package textcomp Info: Setting qhv sub-encoding to TS1/0 on input line 385.
Package textcomp Info: Setting qag sub-encoding to TS1/0 on input line 386.
Package textcomp Info: Setting qbk sub-encoding to TS1/0 on input line 387.
Package textcomp Info: Setting qcr sub-encoding to TS1/0 on input line 388.
Package textcomp Info: Setting qcs sub-encoding to TS1/0 on input line 389.
Package textcomp Info: Setting qpl sub-encoding to TS1/0 on input line 390.
Package textcomp Info: Setting qtm sub-encoding to TS1/0 on input line 391.
Package textcomp Info: Setting qzc sub-encoding to TS1/0 on input line 392.
Package textcomp Info: Setting qhvc sub-encoding to TS1/0 on input line 393.
Package textcomp Info: Setting futs sub-encoding to TS1/4 on input line 394.
Package textcomp Info: Setting futx sub-encoding to TS1/4 on input line 395.
Package textcomp Info: Setting futj sub-encoding to TS1/4 on input line 396.
Package textcomp Info: Setting hlh sub-encoding to TS1/3 on input line 397.
Package textcomp Info: Setting hls sub-encoding to TS1/3 on input line 398.
Package textcomp Info: Setting hlst sub-encoding to TS1/3 on input line 399.
Package textcomp Info: Setting hlct sub-encoding to TS1/5 on input line 400.
Package textcomp Info: Setting hlx sub-encoding to TS1/5 on input line 401.
Package textcomp Info: Setting hlce sub-encoding to TS1/5 on input line 402.
Package textcomp Info: Setting hlcn sub-encoding to TS1/5 on input line 403.
Package textcomp Info: Setting hlcw sub-encoding to TS1/5 on input line 404.
Package textcomp Info: Setting hlcf sub-encoding to TS1/5 on input line 405.
Package textcomp Info: Setting pplx sub-encoding to TS1/3 on input line 406.
Package textcomp Info: Setting pplj sub-encoding to TS1/3 on input line 407.
Package textcomp Info: Setting ptmx sub-encoding to TS1/4 on input line 408.
Package textcomp Info: Setting ptmj sub-encoding to TS1/4 on input line 409.
)
(/home/jean/.local/texlive/2016/texmf-dist/tex/latex/base/fontenc.sty
Package: fontenc 2017/02/22 v2.0g Standard LaTeX package
)
(/home/jean/.local/texlive/2016/texmf-dist/tex/latex/mweights/mweights.sty
Package: mweights 2017/03/30 (Bob Tennent) Support package for multiple-weight f
ont packages. 
LaTeX Info: Redefining \bfseries on input line 22.
LaTeX Info: Redefining \mdseries on input line 30.
LaTeX Info: Redefining \rmfamily on input line 38.
LaTeX Info: Redefining \sffamily on input line 66.
LaTeX Info: Redefining \ttfamily on input line 94.
)
(/home/jean/.local/texlive/2016/texmf-dist/tex/latex/fontaxes/fontaxes.sty
Package: fontaxes 2014/03/23 v1.0d Font selection axes
LaTeX Info: Redefining \upshape on input line 29.
LaTeX Info: Redefining \itshape on input line 31.
LaTeX Info: Redefining \slshape on input line 33.
LaTeX Info: Redefining \scshape on input line 37.
))
(/home/jean/.local/texlive/2016/texmf-dist/tex/latex/fira/FiraMono.sty
Package: FiraMono 2016/02/13 (Bob Tennent and autoinst) Style file for Fira Mono
 fonts.

(/home/jean/.local/texlive/2016/texmf-dist/tex/latex/base/fontenc.sty
Package: fontenc 2017/02/22 v2.0g Standard LaTeX package
))
(./beamercolorthemefocus.sty) (./beamerfontthemefocus.sty)
(./beamerinnerthemefocus.sty
(/home/jean/.local/texlive/2016/texmf-dist/tex/latex/pgf/frontendlayer/tikz.sty
(/home/jean/.local/texlive/2016/texmf-dist/tex/latex/pgf/basiclayer/pgf.sty
Package: pgf 2015/08/07 v3.0.1a (rcs-revision 1.15)

(/home/jean/.local/texlive/2016/texmf-dist/tex/generic/pgf/modules/pgfmodulesha
pes.code.tex
File: pgfmoduleshapes.code.tex 2014/03/21  (rcs-revision 1.35)
\pgfnodeparttextbox=\box76
)
(/home/jean/.local/texlive/2016/texmf-dist/tex/generic/pgf/modules/pgfmoduleplo
t.code.tex
File: pgfmoduleplot.code.tex 2015/08/03  (rcs-revision 1.13)
)
(/home/jean/.local/texlive/2016/texmf-dist/tex/latex/pgf/compatibility/pgfcomp-
version-0-65.sty
Package: pgfcomp-version-0-65 2007/07/03 v3.0.1a (rcs-revision 1.7)
\pgf@nodesepstart=\dimen298
\pgf@nodesepend=\dimen299
)
(/home/jean/.local/texlive/2016/texmf-dist/tex/latex/pgf/compatibility/pgfcomp-
version-1-18.sty
Package: pgfcomp-version-1-18 2007/07/23 v3.0.1a (rcs-revision 1.1)
))
(/home/jean/.local/texlive/2016/texmf-dist/tex/latex/pgf/utilities/pgffor.sty
(/home/jean/.local/texlive/2016/texmf-dist/tex/latex/pgf/utilities/pgfkeys.sty
(/home/jean/.local/texlive/2016/texmf-dist/tex/generic/pgf/utilities/pgfkeys.co
de.tex))
(/home/jean/.local/texlive/2016/texmf-dist/tex/latex/pgf/math/pgfmath.sty
(/home/jean/.local/texlive/2016/texmf-dist/tex/generic/pgf/math/pgfmath.code.te
x))
(/home/jean/.local/texlive/2016/texmf-dist/tex/generic/pgf/utilities/pgffor.cod
e.tex
Package: pgffor 2013/12/13 v3.0.1a (rcs-revision 1.25)

(/home/jean/.local/texlive/2016/texmf-dist/tex/generic/pgf/math/pgfmath.code.te
x)
\pgffor@iter=\dimen300
\pgffor@skip=\dimen301
\pgffor@stack=\toks47
\pgffor@toks=\toks48
))
(/home/jean/.local/texlive/2016/texmf-dist/tex/generic/pgf/frontendlayer/tikz/t
ikz.code.tex
Package: tikz 2015/08/07 v3.0.1a (rcs-revision 1.151)

(/home/jean/.local/texlive/2016/texmf-dist/tex/generic/pgf/libraries/pgflibrary
plothandlers.code.tex
File: pgflibraryplothandlers.code.tex 2013/08/31 v3.0.1a (rcs-revision 1.20)
\pgf@plot@mark@count=\count339
\pgfplotmarksize=\dimen302
)
\tikz@lastx=\dimen303
\tikz@lasty=\dimen304
\tikz@lastxsaved=\dimen305
\tikz@lastysaved=\dimen306
\tikzleveldistance=\dimen307
\tikzsiblingdistance=\dimen308
\tikz@figbox=\box77
\tikz@figbox@bg=\box78
\tikz@tempbox=\box79
\tikz@tempbox@bg=\box80
\tikztreelevel=\count340
\tikznumberofchildren=\count341
\tikznumberofcurrentchild=\count342
\tikz@fig@count=\count343

(/home/jean/.local/texlive/2016/texmf-dist/tex/generic/pgf/modules/pgfmodulemat
rix.code.tex
File: pgfmodulematrix.code.tex 2013/09/17  (rcs-revision 1.8)
\pgfmatrixcurrentrow=\count344
\pgfmatrixcurrentcolumn=\count345
\pgf@matrix@numberofcolumns=\count346
)
\tikz@expandcount=\count347

(/home/jean/.local/texlive/2016/texmf-dist/tex/generic/pgf/frontendlayer/tikz/l
ibraries/tikzlibrarytopaths.code.tex
File: tikzlibrarytopaths.code.tex 2008/06/17 v3.0.1a (rcs-revision 1.2)
)))) (./beamerouterthemefocus.sty
(/home/jean/.local/texlive/2016/texmf-dist/tex/latex/appendixnumberbeamer/appen
dixnumberbeamer.sty)
\focus@pbar@height=\skip82
\focus@pbar@leftoffset=\skip83
\focus@pbar@rightoffset=\skip84
))
(/home/jean/.local/texlive/2016/texmf-dist/tex/latex/booktabs/booktabs.sty
Package: booktabs 2016/04/27 v1.618033 publication quality tables
\heavyrulewidth=\dimen309
\lightrulewidth=\dimen310
\cmidrulewidth=\dimen311
\belowrulesep=\dimen312
\belowbottomsep=\dimen313
\aboverulesep=\dimen314
\abovetopsep=\dimen315
\cmidrulesep=\dimen316
\cmidrulekern=\dimen317
\defaultaddspace=\dimen318
\@cmidla=\count348
\@cmidlb=\count349
\@aboverulesep=\dimen319
\@belowrulesep=\dimen320
\@thisruleclass=\count350
\@lastruleclass=\count351
\@thisrulewidth=\dimen321
)
(./template.aux
luatex-hyphen: loading patterns and exceptions for: german (\language4)
luatex-hyphen: info: no hyphenation exceptions for this language
LaTeX Font Info:    Try loading font information for T1+FiraSans-OsF on input li
ne 20.

(/home/jean/.local/texlive/2016/texmf-dist/tex/latex/fira/T1FiraSans-OsF.fd
File: T1FiraSans-OsF.fd 2016/11/12 (autoinst) Font definitions for T1/FiraSans-O
sF.
)
LaTeX Font Info:    Font shape `T1/FiraSans-OsF/m/n' will be
(Font)              scaled to size 10.0pt on input line 20.

Language ngerman already loaded; id is 8

LaTeX Warning: Label `fig:feynman' multiply defined.


LaTeX Warning: Label `fig:feynman' multiply defined.


LaTeX Warning: Label `fig:feynman' multiply defined.

)
\openout1 = template.aux

LaTeX Font Info:    Checking defaults for OML/cmm/m/it on input line 76.
LaTeX Font Info:    ... okay on input line 76.
LaTeX Font Info:    Checking defaults for T1/cmr/m/n on input line 76.
LaTeX Font Info:    ... okay on input line 76.
LaTeX Font Info:    Checking defaults for OT1/cmr/m/n on input line 76.
LaTeX Font Info:    ... okay on input line 76.
LaTeX Font Info:    Checking defaults for OMS/cmsy/m/n on input line 76.
LaTeX Font Info:    ... okay on input line 76.
LaTeX Font Info:    Checking defaults for TU/lmr/m/n on input line 76.
LaTeX Font Info:    ... okay on input line 76.
LaTeX Font Info:    Checking defaults for OMX/cmex/m/n on input line 76.
LaTeX Font Info:    ... okay on input line 76.
LaTeX Font Info:    Checking defaults for U/cmr/m/n on input line 76.
LaTeX Font Info:    ... okay on input line 76.
LaTeX Font Info:    Checking defaults for PD1/pdf/m/n on input line 76.
LaTeX Font Info:    ... okay on input line 76.
LaTeX Font Info:    Checking defaults for TS1/cmr/m/n on input line 76.
LaTeX Font Info:    Try loading font information for TS1+cmr on input line 76.
 (/home/jean/.local/texlive/2016/texmf-dist/tex/latex/base/ts1cmr.fd
File: ts1cmr.fd 2014/09/29 v2.5h Standard LaTeX font definitions
)
LaTeX Font Info:    ... okay on input line 76.

*geometry* driver: auto-detecting
*geometry* detected driver: pdftex
*geometry* verbose mode - [ preamble ] result:
* driver: pdftex
* paper: custom
* layout: <same size as paper>
* layoutoffset:(h,v)=(0.0pt,0.0pt)
* modes: includehead includefoot 
* h-part:(L,W,R)=(21.33955pt, 412.56497pt, 21.33955pt)
* v-part:(T,H,B)=(0.0pt, 284.52756pt, 0.0pt)
* \paperwidth=455.24408pt
* \paperheight=284.52756pt
* \textwidth=412.56497pt
* \textheight=256.07483pt
* \oddsidemargin=-50.93044pt
* \evensidemargin=-50.93044pt
* \topmargin=-72.26999pt
* \headheight=14.22636pt
* \headsep=0.0pt
* \topskip=10.0pt
* \footskip=14.22636pt
* \marginparwidth=3.0pt
* \marginparsep=11.0pt
* \columnsep=10.0pt
* \skip\footins=9.0pt plus 4.0pt minus 2.0pt
* \hoffset=0.0pt
* \voffset=0.0pt
* \mag=1000
* \@twocolumnfalse
* \@twosidefalse
* \@mparswitchfalse
* \@reversemarginfalse
* (1in=72.27pt=25.4mm, 1cm=28.453pt)

(/home/jean/.local/texlive/2016/texmf-dist/tex/context/base/mkii/supp-pdf.mkii
[Loading MPS to PDF converter (version 2006.09.02).]
\scratchcounter=\count352
\scratchdimen=\dimen322
\scratchbox=\box81
\nofMPsegments=\count353
\nofMParguments=\count354
\everyMPshowfont=\toks49
\MPscratchCnt=\count355
\MPscratchDim=\dimen323
\MPnumerator=\count356
\makeMPintoPDFobject=\count357
\everyMPtoPDFconversion=\toks50
)
(/home/jean/.local/texlive/2016/texmf-dist/tex/latex/oberdiek/epstopdf-base.sty
Package: epstopdf-base 2016/05/15 v2.6 Base part for package epstopdf
(/home/jean/.local/texlive/2016/texmf-dist/tex/latex/oberdiek/grfext.sty
Package: grfext 2016/05/16 v1.2 Manage graphics extensions (HO)
)
Package epstopdf-base Info: Redefining graphics rule for `.eps' on input line 43
8.
Package grfext Info: Graphics extension search list:
(grfext)             [.png,.pdf,.jpg,.mps,.jpeg,.jbig2,.jb2,.PNG,.PDF,.JPG,.JPEG
,.JBIG2,.JB2,.eps]
(grfext)             \AppendGraphicsExtensions on input line 456.

(/home/jean/.local/texlive/2016/texmf-dist/tex/latex/latexconfig/epstopdf-sys.c
fg
File: epstopdf-sys.cfg 2010/07/13 v1.3 Configuration of (r)epstopdf for TeX Live

)) ABD: EveryShipout initializing macros
\AtBeginShipoutBox=\box82
Package hyperref Info: Link coloring OFF on input line 76.

(/home/jean/.local/texlive/2016/texmf-dist/tex/latex/hyperref/nameref.sty
Package: nameref 2016/05/21 v2.44 Cross-referencing by name of section

(/home/jean/.local/texlive/2016/texmf-dist/tex/generic/oberdiek/gettitlestring.
sty
Package: gettitlestring 2016/05/16 v1.5 Cleanup title references (HO)
)
\c@section@level=\count358
)
LaTeX Info: Redefining \ref on input line 76.
LaTeX Info: Redefining \pageref on input line 76.
LaTeX Info: Redefining \nameref on input line 76.
 (./template.out) (./template.out)
\@outlinefile=\write5

\openout5 = template.out
LaTeX Font Info:    Overwriting symbol font `operators' in version `normal'
(Font)                  OT1/cmr/m/n --> OT1/cmss/m/n on input line 76.
LaTeX Font Info:    Overwriting symbol font `operators' in version `bold'
(Font)                  OT1/cmr/bx/n --> OT1/cmss/bx/n on input line 76.
\symnumbers=\mathgroup6
\sympureletters=\mathgroup7
LaTeX Font Info:    Overwriting math alphabet `\mathrm' in version `normal'
(Font)                  OT1/cmss/m/n --> T1/lmr/m/n on input line 76.
LaTeX Font Info:    Redeclaring math alphabet \mathbf on input line 76.
LaTeX Font Info:    Overwriting math alphabet `\mathbf' in version `normal'
(Font)                  OT1/cmr/bx/n --> T1/FiraSans-OsF/bx/n on input line 76.
LaTeX Font Info:    Overwriting math alphabet `\mathbf' in version `bold'
(Font)                  OT1/cmr/bx/n --> T1/FiraSans-OsF/bx/n on input line 76.
LaTeX Font Info:    Redeclaring math alphabet \mathsf on input line 76.
LaTeX Font Info:    Overwriting math alphabet `\mathsf' in version `normal'
(Font)                  OT1/cmss/m/n --> T1/FiraSans-OsF/m/n on input line 76.
LaTeX Font Info:    Overwriting math alphabet `\mathsf' in version `bold'
(Font)                  OT1/cmss/bx/n --> T1/FiraSans-OsF/m/n on input line 76.
LaTeX Font Info:    Redeclaring math alphabet \mathit on input line 76.
LaTeX Font Info:    Overwriting math alphabet `\mathit' in version `normal'
(Font)                  OT1/cmr/m/it --> T1/FiraSans-OsF/m/it on input line 76.
LaTeX Font Info:    Overwriting math alphabet `\mathit' in version `bold'
(Font)                  OT1/cmr/bx/it --> T1/FiraSans-OsF/m/it on input line 76.

LaTeX Font Info:    Redeclaring math alphabet \mathtt on input line 76.
LaTeX Font Info:    Overwriting math alphabet `\mathtt' in version `normal'
(Font)                  OT1/cmtt/m/n --> T1/FiraMono-TOsF/m/n on input line 76.
LaTeX Font Info:    Overwriting math alphabet `\mathtt' in version `bold'
(Font)                  OT1/cmtt/m/n --> T1/FiraMono-TOsF/m/n on input line 76.
LaTeX Font Info:    Overwriting symbol font `numbers' in version `bold'
(Font)                  T1/FiraSans-OsF/m/n --> T1/FiraSans-OsF/bx/n on input li
ne 76.
LaTeX Font Info:    Overwriting symbol font `pureletters' in version `bold'
(Font)                  T1/FiraSans-OsF/m/it --> T1/FiraSans-OsF/bx/it on input 
line 76.
LaTeX Font Info:    Overwriting math alphabet `\mathrm' in version `bold'
(Font)                  OT1/cmss/bx/n --> T1/lmr/bx/n on input line 76.
LaTeX Font Info:    Overwriting math alphabet `\mathbf' in version `bold'
(Font)                  T1/FiraSans-OsF/bx/n --> T1/FiraSans-OsF/bx/n on input l
ine 76.
LaTeX Font Info:    Overwriting math alphabet `\mathsf' in version `bold'
(Font)                  T1/FiraSans-OsF/m/n --> T1/FiraSans-OsF/bx/n on input li
ne 76.
LaTeX Font Info:    Overwriting math alphabet `\mathit' in version `bold'
(Font)                  T1/FiraSans-OsF/m/it --> T1/FiraSans-OsF/bx/it on input 
line 76.
LaTeX Font Info:    Overwriting math alphabet `\mathtt' in version `bold'
(Font)                  T1/FiraMono-TOsF/m/n --> T1/FiraMono-TOsF/bx/n on input 
line 76.

(/home/jean/.local/texlive/2016/texmf-dist/tex/latex/beamer/translator/dicts/tr
anslator-basic-dictionary/translator-basic-dictionary-English.dict
Dictionary: translator-basic-dictionary, Language: English 
)
(/home/jean/.local/texlive/2016/texmf-dist/tex/latex/beamer/translator/dicts/tr
anslator-bibliography-dictionary/translator-bibliography-dictionary-English.dic
t
Dictionary: translator-bibliography-dictionary, Language: English 
)
(/home/jean/.local/texlive/2016/texmf-dist/tex/latex/beamer/translator/dicts/tr
anslator-environment-dictionary/translator-environment-dictionary-English.dict
Dictionary: translator-environment-dictionary, Language: English 
)
(/home/jean/.local/texlive/2016/texmf-dist/tex/latex/beamer/translator/dicts/tr
anslator-months-dictionary/translator-months-dictionary-English.dict
Dictionary: translator-months-dictionary, Language: English 
)
(/home/jean/.local/texlive/2016/texmf-dist/tex/latex/beamer/translator/dicts/tr
anslator-numbers-dictionary/translator-numbers-dictionary-English.dict
Dictionary: translator-numbers-dictionary, Language: English 
)
(/home/jean/.local/texlive/2016/texmf-dist/tex/latex/beamer/translator/dicts/tr
anslator-theorem-dictionary/translator-theorem-dictionary-English.dict
Dictionary: translator-theorem-dictionary, Language: English 
)
LaTeX Info: Redefining \includegraphics on input line 76.
.................................................
. fontspec info: "setup-math"
. 
. Adjusting the maths setup (use [no-math] to avoid this).
.................................................
\symlegacymaths=\mathgroup8
LaTeX Font Info:    Overwriting symbol font `legacymaths' in version `bold'
(Font)                  OT1/cmr/m/n --> OT1/cmr/bx/n on input line 76.
LaTeX Font Info:    Redeclaring math accent \acute on input line 76.
LaTeX Font Info:    Redeclaring math accent \grave on input line 76.
LaTeX Font Info:    Redeclaring math accent \ddot on input line 76.
LaTeX Font Info:    Redeclaring math accent \tilde on input line 76.
LaTeX Font Info:    Redeclaring math accent \bar on input line 76.
LaTeX Font Info:    Redeclaring math accent \breve on input line 76.
LaTeX Font Info:    Redeclaring math accent \check on input line 76.
LaTeX Font Info:    Redeclaring math accent \hat on input line 76.
LaTeX Font Info:    Redeclaring math accent \dot on input line 76.
LaTeX Font Info:    Redeclaring math accent \mathring on input line 76.
LaTeX Font Info:    Redeclaring math symbol \Gamma on input line 76.
LaTeX Font Info:    Redeclaring math symbol \Delta on input line 76.
LaTeX Font Info:    Redeclaring math symbol \Theta on input line 76.
LaTeX Font Info:    Redeclaring math symbol \Lambda on input line 76.
LaTeX Font Info:    Redeclaring math symbol \Xi on input line 76.
LaTeX Font Info:    Redeclaring math symbol \Pi on input line 76.
LaTeX Font Info:    Redeclaring math symbol \Sigma on input line 76.
LaTeX Font Info:    Redeclaring math symbol \Upsilon on input line 76.
LaTeX Font Info:    Redeclaring math symbol \Phi on input line 76.
LaTeX Font Info:    Redeclaring math symbol \Psi on input line 76.
LaTeX Font Info:    Redeclaring math symbol \Omega on input line 76.
LaTeX Font Info:    Redeclaring math symbol \mathdollar on input line 76.
LaTeX Font Info:    Redeclaring symbol font `operators' on input line 76.
LaTeX Font Info:    Encoding `OT1' has changed to `TU' for symbol font
(Font)              `operators' in the math version `normal' on input line 76.
LaTeX Font Info:    Overwriting symbol font `operators' in version `normal'
(Font)                  OT1/cmss/m/n --> TU/lmr/m/n on input line 76.
LaTeX Font Info:    Encoding `OT1' has changed to `TU' for symbol font
(Font)              `operators' in the math version `bold' on input line 76.
LaTeX Font Info:    Overwriting symbol font `operators' in version `bold'
(Font)                  OT1/cmss/bx/n --> TU/lmr/m/n on input line 76.
LaTeX Font Info:    Overwriting symbol font `operators' in version `normal'
(Font)                  TU/lmr/m/n --> TU/lmr/m/n on input line 76.
LaTeX Font Info:    Redeclaring math alphabet \mathrm on input line 76.
LaTeX Font Info:    Overwriting math alphabet `\mathit' in version `normal'
(Font)                  T1/FiraSans-OsF/m/it --> TU/lmr/m/it on input line 76.
LaTeX Font Info:    Overwriting math alphabet `\mathbf' in version `normal'
(Font)                  T1/FiraSans-OsF/bx/n --> TU/lmr/bx/n on input line 76.
LaTeX Font Info:    Overwriting math alphabet `\mathsf' in version `normal'
(Font)                  T1/FiraSans-OsF/m/n --> TU/FiraSans-OsF/m/n on input lin
e 76.
LaTeX Font Info:    Overwriting math alphabet `\mathtt' in version `normal'
(Font)                  T1/FiraMono-TOsF/m/n --> TU/FiraMono-TOsF/m/n on input l
ine 76.
LaTeX Font Info:    Overwriting symbol font `operators' in version `bold'
(Font)                  TU/lmr/m/n --> TU/lmr/bx/n on input line 76.
LaTeX Font Info:    Overwriting math alphabet `\mathit' in version `bold'
(Font)                  T1/FiraSans-OsF/bx/it --> TU/lmr/bx/it on input line 76.

LaTeX Font Info:    Overwriting math alphabet `\mathsf' in version `bold'
(Font)                  T1/FiraSans-OsF/bx/n --> TU/FiraSans-OsF/bx/n on input l
ine 76.
LaTeX Font Info:    Overwriting math alphabet `\mathtt' in version `bold'
(Font)                  T1/FiraMono-TOsF/bx/n --> TU/FiraMono-TOsF/bx/n on input
 line 76.

Language ngerman already loaded; id is 8
(/home/jean/.local/texlive/2016/texmf-dist/tex/latex/siunitx/siunitx-abbreviati
ons.cfg
File: siunitx-abbreviations.cfg 2017/03/23 v2.7f siunitx: Abbreviated units
)
.................................................
. chemgreek info: "mapping-activated"
. 
. Activating mapping `fontspec' on line 76.
.................................................
\c@mv@tabular=\count359
\c@mv@boldtabular=\count360
 (./template.nav)
LaTeX Font Info:    Font shape `T1/FiraSans-OsF/m/n' will be
(Font)              scaled to size 5.0pt on input line 76.
LaTeX Font Info:    Font shape `T1/FiraSans-OsF/m/n' will be
(Font)              scaled to size 7.0pt on input line 76.
\c__siunitx_mathsf_int=\count361
(load luc: /home/jean/.local/texlive/2016/texmf-var/luatex-cache/generic/fonts/o
tl/lmroman7-regular.luc)(load luc: /home/jean/.local/texlive/2016/texmf-var/luat
ex-cache/generic/fonts/otl/lmroman5-regular.luc)
LaTeX Font Info:    Try loading font information for U+msa on input line 76.

(/home/jean/.local/texlive/2016/texmf-dist/tex/latex/amsfonts/umsa.fd
File: umsa.fd 2013/01/14 v3.01 AMS symbols A
)
LaTeX Font Info:    Try loading font information for U+msb on input line 76.

(/home/jean/.local/texlive/2016/texmf-dist/tex/latex/amsfonts/umsb.fd
File: umsb.fd 2013/01/14 v3.01 AMS symbols B
)
LaTeX Font Info:    Font shape `T1/FiraSans-OsF/m/it' will be
(Font)              scaled to size 10.0pt on input line 76.
LaTeX Font Info:    Font shape `T1/FiraSans-OsF/m/it' will be
(Font)              scaled to size 7.0pt on input line 76.
LaTeX Font Info:    Font shape `T1/FiraSans-OsF/m/it' will be
(Font)              scaled to size 5.0pt on input line 76.
LaTeX Font Info:    Try loading font information for TU+FiraSans-OsF on input li
ne 76.
LaTeX Font Info:    No file TUFiraSans-OsF.fd. on input line 76.


LaTeX Font Warning: Font shape `TU/FiraSans-OsF/m/n' undefined
(Font)              using `TU/lmr/m/n' instead on input line 76.

\c__siunitx_mathtt_int=\count362
LaTeX Font Info:    Try loading font information for TU+FiraMono-TOsF on input l
ine 76.
LaTeX Font Info:    No file TUFiraMono-TOsF.fd. on input line 76.

LaTeX Font Warning: Font shape `TU/FiraMono-TOsF/m/n' undefined
(Font)              using `TU/lmr/m/n' instead on input line 76.

LaTeX Font Info:    Font shape `T1/FiraSans-OsF/m/n' will be
(Font)              scaled to size 20.74pt on input line 82.
LaTeX Font Info:    Font shape `T1/FiraSans-OsF/m/sc' will be
(Font)              scaled to size 20.74pt on input line 82.
LaTeX Font Info:    Font shape `T1/FiraSans-OsF/b/sc' will be
(Font)              scaled to size 20.74pt on input line 82.
LaTeX Font Info:    Font shape `T1/FiraSans-OsF/m/n' will be
(Font)              scaled to size 14.4pt on input line 82.
LaTeX Font Info:    Font shape `T1/FiraSans-OsF/m/sc' will be
(Font)              scaled to size 14.4pt on input line 82.
LaTeX Font Info:    Font shape `T1/FiraSans-OsF/m/n' will be
(Font)              scaled to size 12.0pt on input line 82.
LaTeX Font Info:    Font shape `T1/FiraSans-OsF/m/sc' will be
(Font)              scaled to size 12.0pt on input line 82.
LaTeX Font Info:    Font shape `T1/FiraSans-OsF/m/n' will be
(Font)              scaled to size 4.0pt on input line 82.
[1

{/home/jean/.local/texlive/2016/texmf-var/fonts/map/pdftex/updmap/pdftex.map}]
Overfull \vbox (4.99998pt too high) detected at line 85
 []

[2

]
<Images/Neutral_current,_leptonic_event,_muon_neutrino.png, id=34, 356.0803pt x
 252.945pt>
File: Images/Neutral_current,_leptonic_event,_muon_neutrino.png Graphic file (ty
pe png)
 <use Images/Neutral_current,_leptonic_event,_muon_neutrino.png>
Package luatex.def Info: Images/Neutral_current,_leptonic_event,_muon_neutrino.p
ng used on input line 110.
(luatex.def)             Requested size: 206.28249pt x 146.53452pt.
LaTeX Font Info:    Font shape `T1/FiraSans-OsF/m/n' will be
(Font)              scaled to size 9.0pt on input line 110.
LaTeX Font Info:    Font shape `T1/FiraSans-OsF/b/n' will be
(Font)              scaled to size 9.0pt on input line 110.

[3

<./Images/Neutral_current,_leptonic_event,_muon_neutrino.png>]
<Images/Screenshot_2018-11-26_16-27-27.png, id=54, 813.0375pt x 470.75874pt>
File: Images/Screenshot_2018-11-26_16-27-27.png Graphic file (type png)

<use Images/Screenshot_2018-11-26_16-27-27.png>
Package luatex.def Info: Images/Screenshot_2018-11-26_16-27-27.png used on input
 line 119.
(luatex.def)             Requested size: 371.30595pt x 214.98572pt.
 [4

<./Images/Screenshot_2018-11-26_16-27-27.png>] <Images/800px-Gargamelle.jpg, id
=65, 803.0pt x 602.25pt>
File: Images/800px-Gargamelle.jpg Graphic file (type jpg)

<use Images/800px-Gargamelle.jpg>
Package luatex.def Info: Images/800px-Gargamelle.jpg used on input line 142.
(luatex.def)             Requested size: 165.02347pt x 123.7653pt.

warning  (pdf backend): ignoring duplicate destination with the name 'fig:feynma
n'
[5

<./Images/800px-Gargamelle.jpg>]
<Images/7011042-A5-at-72-dpi.jpg, id=77, 386.44376pt x 416.55624pt>
File: Images/7011042-A5-at-72-dpi.jpg Graphic file (type jpg)

<use Images/7011042-A5-at-72-dpi.jpg>
Package luatex.def Info: Images/7011042-A5-at-72-dpi.jpg used on input line 163.

(luatex.def)             Requested size: 165.02347pt x 177.8826pt.

warning  (pdf backend): ignoring duplicate destination with the name 'fig:feynma
n'
[6

<./Images/7011042-A5-at-72-dpi.jpg>]
LaTeX Font Info:    Font shape `T1/FiraSans-OsF/b/n' will be
(Font)              scaled to size 10.0pt on input line 185.

<Images/60100_bearbeitet.png, id=87, 512.41437pt x 388.45125pt>
File: Images/60100_bearbeitet.png Graphic file (type png)

<use Images/60100_bearbeitet.png>
Package luatex.def Info: Images/60100_bearbeitet.png used on input line 185.
(luatex.def)             Requested size: 165.02347pt x 125.10118pt.

warning  (pdf backend): ignoring duplicate destination with the name 'fig:feynma
n'
[7

<./Images/60100_bearbeitet.png>] [8

] [9

] (./template.bbl
LaTeX Font Info:    Font shape `T1/FiraSans-OsF/m/sc' will be
(Font)              scaled to size 9.0pt on input line 1.
LaTeX Font Info:    Font shape `T1/FiraSans-OsF/b/sc' will be
(Font)              scaled to size 9.0pt on input line 6.
LaTeX Font Info:    Font shape `T1/FiraSans-OsF/b/scit' will be
(Font)              scaled to size 9.0pt on input line 34.
) [10

</home/jean/.local/texlive/2016/texmf-dist/tex/latex/beamer/art/beamericonarticl
e.pdf>]
[11


]
LaTeX Font Info:    Try loading font information for T1+FiraMono-TOsF on input l
ine 225.

(/home/jean/.local/texlive/2016/texmf-dist/tex/latex/fira/T1FiraMono-TOsF.fd
File: T1FiraMono-TOsF.fd 2015/05/23 (autoinst) Font definitions for T1/FiraMono-
TOsF.
)
LaTeX Font Info:    Font shape `T1/FiraMono-TOsF/m/n' will be
(Font)              scaled to size 10.0pt on input line 225.

[12

]
\tf@nav=\write6

\openout6 = template.nav
\tf@toc=\write7

\openout7 = template.toc
\tf@snm=\write8

\openout8 = template.snm
Package atveryend Info: Empty hook `BeforeClearDocument' on input line 229.
Package atveryend Info: Empty hook `AfterLastShipout' on input line 229.
 (./template.aux
Language ngerman already loaded; id is 8)
Package atveryend Info: Executing hook `AtVeryEndDocument' on input line 229.
Package atveryend Info: Executing hook `AtEndAfterFileList' on input line 229.
Package rerunfilecheck Info: File `template.out' has not changed.
(rerunfilecheck)             Checksum: 5F6A4D05495C28E71B1A1883C5AC084B;110.


LaTeX Font Warning: Some font shapes were not available, defaults substituted.


LaTeX Warning: There were multiply-defined labels.

)

Here is how much of LuaTeX's memory you used:
 35238 strings out of 494577
 100000,953878 words of node,token memory allocated
 5338 words of node memory still in use:
   26 hlist, 9 vlist, 5 rule, 31 disc, 4 local_par, 312 glue, 34 kern, 12 penalt
y, 202 glyph, 146 attribute, 59 glue_spec, 146 attribute_list, 3 write, 16 pdf_c
olorstack nodes
   avail lists: 1:1,2:596,3:260,4:141,5:390,6:1749,7:485,8:29,9:214,10:17,11:247

 37850 multiletter control sequences out of 65536+600000
 81 fonts using 6034367 bytes
 71i,16n,83p,797b,1273s stack positions out of 5000i,500n,10000p,200000b,100000s
{/home/jean/.local/texlive/2016/texmf-dist/fonts/enc/dvips/fira/fir_xbqiro.enc}{
/home/jean/.local/texlive/2016/texmf-dist/fonts/enc/dvips/fira/fir_765q6w.enc}</
home/jean/.local/texlive/2016/texmf-dist/fonts/opentype/public/lm/lmroman7-regul
ar.otf></home/jean/.local/texlive/2016/texmf-dist/fonts/opentype/public/lm/lmrom
an10-regular.otf>{/home/jean/.local/texlive/2016/texmf-dist/fonts/enc/dvips/fira
/fir_7gpamp.enc}</home/jean/.local/texlive/2016/texmf-dist/fonts/type1/public/fi
ra/FiraMono-Regular.pfb></home/jean/.local/texlive/2016/texmf-dist/fonts/type1/p
ublic/fira/FiraSans-Bold.pfb></home/jean/.local/texlive/2016/texmf-dist/fonts/ty
pe1/public/fira/FiraSans-BoldItalic.pfb></home/jean/.local/texlive/2016/texmf-di
st/fonts/type1/public/fira/FiraSans-Book.pfb></home/jean/.local/texlive/2016/tex
mf-dist/fonts/type1/public/fira/FiraSans-BookItalic.pfb></home/jean/.local/texli
ve/2016/texmf-dist/fonts/type1/public/amsfonts/cm/cmmi10.pfb></home/jean/.local/
texlive/2016/texmf-dist/fonts/type1/public/amsfonts/cm/cmmi7.pfb></home/jean/.lo
cal/texlive/2016/texmf-dist/fonts/type1/public/amsfonts/cm/cmr10.pfb></home/jean
/.local/texlive/2016/texmf-dist/fonts/type1/public/amsfonts/cm/cmsy10.pfb></home
/jean/.local/texlive/2016/texmf-dist/fonts/type1/public/amsfonts/cm/cmsy7.pfb>
Output written on template.pdf (12 pages, 2720433 bytes).

PDF statistics: 193 PDF objects out of 1000 (max. 8388607)
 140 compressed objects within 2 object streams
 35 named destinations out of 1000 (max. 131072)
 32 words of extra memory for PDF output out of 10000 (max. 10000000)

